Watching for file changes with StatReloader
SpaCy model loaded successfully
F:\pyprojects\Nx1\CONVERSA\CONVERSA\settings.py changed, reloading.
Watching for file changes with StatReloader
SpaCy model loaded successfully
No FAQ match for: not helpful
Escalation triggered: Frustrated=True, Repeats=0, Unresolved=0
Response data: {'response': 'It seems I couldn’t fully assist you. Would you like to contact support?', 'escalate': True}
Escalation confirmed: {'response': 'Please feel free to reach out for further assistance.', 'escalate': True, 'contact': {'phone': '+1 (234) 567-890', 'email': 'contact@conversa.com'}}
F:\pyprojects\Nx1\CONVERSA\chatbot_project\views.py changed, reloading.
Watching for file changes with StatReloader
SpaCy model loaded successfully
Not Found: /chatbot/check_authentication/
Authenticated user: new_user1, first_name: new_user
Sending greeting: Good evening, new_user! How can I assist you with your FAQs today?
Current context: {'greeting_sent': True}
Processing query: hi, is_voice=False
Chatbot response: Hello! How can I assist you today?, Matched FAQ: None
Failed to log query: cannot access local variable 'session_key' where it is not associated with a value
Response data: {'response': 'Hello! How can I assist you today?'}
Current context: {'greeting_sent': True}
Processing query: why is the app crashing?, is_voice=False
Comparing 'why is the app crashing?' with FAQ 'Payment Queries': Matching words = set(), Score = 0
Comparing 'why is the app crashing?' with FAQ 'Technical Support': Matching words = set(), Score = 0
Comparing 'why is the app crashing?' with FAQ 'Why is the app crashing?': Matching words = {'the', 'app', 'why', 'crashing?', 'is'}, Score = 11
Comparing 'why is the app crashing?' with FAQ 'How do I update the app?': Matching words = {'the'}, Score = 2
Matched FAQ: 'Why is the app crashing?' with score 11
Chatbot response: Try restarting the app. If the issue persists, ensure you have the latest version installed or contact support., Matched FAQ: Why is the app crashing?
Response data: {'response': 'Try restarting the app. If the issue persists, ensure you have the latest version installed or contact support.'}
Not Found: /chatbot/check_authentication/
Current context: {'greeting_sent': True}
Processing query: payment queries, is_voice=True
Voice similarity for 'payment queries' with FAQ 'Payment Queries': Similarity = 1.0, Score = 10.0
Voice similarity for 'payment queries' with FAQ 'Technical Support': Similarity = 0.38849061727523804, Score = 3.8849061727523804
Voice similarity for 'payment queries' with FAQ 'Why is the app crashing?': Similarity = 0.31397584080696106, Score = 3.1397584080696106
Voice similarity for 'payment queries' with FAQ 'How do I update the app?': Similarity = 0.3814360201358795, Score = 3.814360201358795
Matched FAQ: 'Payment Queries' with score 10.0
Chatbot response: We accept credit cards, debit cards, and PayPal. Payments are processed securely through our payment gateway., Matched FAQ: Payment Queries
Response data: {'response': 'We accept credit cards, debit cards, and PayPal. Payments are processed securely through our payment gateway.'}
Not Found: /chatbot/check_authentication/
Response data: {}
Not Found: /chatbot/check_authentication/
Response data: {}
Not Found: /chatbot/check_authentication/
Not Found: /chatbot/check_authentication/
Response data: {}
Not Found: /chatbot/check_authentication/
Response data: {}
Not Found: /chatbot/check_authentication/
Not Found: /chatbot/check_authentication/
Not Found: /chatbot/check_authentication/
Not Found: /chatbot/check_authentication/
Not Found: /chatbot/check_authentication/
Not Found: /chatbot/check_authentication/
Not Found: /chatbot/check_authentication/
Not Found: /chatbot/check_authentication/
Not Found: /chatbot/check_authentication/
Not Found: /chatbot/check_authentication/
Not Found: /chatbot/check_authentication/
Not Found: /chatbot/check_authentication/
Not Found: /chatbot/check_authentication/
Not Found: /chatbot/check_authentication/
Not Found: /chatbot/check_authentication/
Not Found: /chatbot/check_authentication/
Not Found: /chatbot/check_authentication/
Not Found: /chatbot/check_authentication/
Not Found: /chatbot/check_authentication/
Not Found: /chatbot/check_authentication/
Not Found: /chatbot/check_authentication/
Not Found: /chatbot/check_authentication/
Not Found: /chatbot/check_authentication/
Not Found: /chatbot/check_authentication/
Not Found: /chatbot/check_authentication/
Response data: {}
Not Found: /chatbot/check_authentication/
Response data: {}
Current context: {'greeting_sent': True}
Processing query: why was my payment declined?, is_voice=False
Comparing 'why was my payment declined?' with FAQ 'Payment Queries': Matching words = {'payment'}, Score = 3
Comparing 'why was my payment declined?' with FAQ 'Technical Support': Matching words = set(), Score = 0
Comparing 'why was my payment declined?' with FAQ 'Why is the app crashing?': Matching words = {'why'}, Score = 2
Comparing 'why was my payment declined?' with FAQ 'How do I update the app?': Matching words = set(), Score = 0
Comparing 'why was my payment declined?' with FAQ 'Account Management': Matching words = set(), Score = 0
Comparing 'why was my payment declined?' with FAQ 'How do I reset my password?': Matching words = {'my'}, Score = 2
Comparing 'why was my payment declined?' with FAQ 'How do I update my profile information?': Matching words = {'my'}, Score = 2
Comparing 'why was my payment declined?' with FAQ 'Why was my payment declined?': Matching words = {'my', 'why', 'was', 'declined?', 'payment'}, Score = 11
Comparing 'why was my payment declined?' with FAQ 'Hello': Matching words = set(), Score = 0
Matched FAQ: 'Why was my payment declined?' with score 11
Chatbot response: Ensure your card details are correct and funds are sufficient. Contact your bank or try another payment method., Matched FAQ: Why was my payment declined?
Response data: {'response': 'Ensure your card details are correct and funds are sufficient. Contact your bank or try another payment method.'}
Current context: {'greeting_sent': True}
Processing query: account management, is_voice=False
Comparing 'account management' with FAQ 'Payment Queries': Matching words = set(), Score = 0
Comparing 'account management' with FAQ 'Technical Support': Matching words = set(), Score = 0
Comparing 'account management' with FAQ 'Why is the app crashing?': Matching words = set(), Score = 0
Comparing 'account management' with FAQ 'How do I update the app?': Matching words = set(), Score = 0
Comparing 'account management' with FAQ 'Account Management': Matching words = {'management', 'account'}, Score = 5
Comparing 'account management' with FAQ 'How do I reset my password?': Matching words = set(), Score = 0
Comparing 'account management' with FAQ 'How do I update my profile information?': Matching words = set(), Score = 0
Comparing 'account management' with FAQ 'Why was my payment declined?': Matching words = set(), Score = 0
Comparing 'account management' with FAQ 'Hello': Matching words = set(), Score = 0
Matched FAQ: 'Account Management' with score 5
Chatbot response: {'sub_faqs': [{'question': 'How do I reset my password?'}, {'question': 'How do I update my profile information?'}]}, Matched FAQ: Account Management
Response data: {'sub_faqs': [{'question': 'How do I reset my password?'}, {'question': 'How do I update my profile information?'}]}
Current context: {'greeting_sent': True}
Processing query: how do i reset my password?, is_voice=False
Comparing 'how do i reset my password?' with FAQ 'Payment Queries': Matching words = set(), Score = 0
Comparing 'how do i reset my password?' with FAQ 'Technical Support': Matching words = set(), Score = 0
Comparing 'how do i reset my password?' with FAQ 'Why is the app crashing?': Matching words = set(), Score = 0
Comparing 'how do i reset my password?' with FAQ 'How do I update the app?': Matching words = {'do', 'i', 'how'}, Score = 4
Comparing 'how do i reset my password?' with FAQ 'Account Management': Matching words = set(), Score = 0
Comparing 'how do i reset my password?' with FAQ 'How do I reset my password?': Matching words = {'my', 'reset', 'do', 'password?', 'i', 'how'}, Score = 10
Comparing 'how do i reset my password?' with FAQ 'How do I update my profile information?': Matching words = {'my', 'do', 'i', 'how'}, Score = 6
Comparing 'how do i reset my password?' with FAQ 'Why was my payment declined?': Matching words = {'my'}, Score = 2
Comparing 'how do i reset my password?' with FAQ 'Hello': Matching words = set(), Score = 0
Matched FAQ: 'How do I reset my password?' with score 10
Chatbot response: Click 'Forgot Password' on the login page, enter your email, and follow the instructions sent to your inbox., Matched FAQ: How do I reset my password?
Response data: {'response': "Click 'Forgot Password' on the login page, enter your email, and follow the instructions sent to your inbox."}
Current context: {'greeting_sent': True}
Processing query: how do i update my profile information?, is_voice=False
Comparing 'how do i update my profile information?' with FAQ 'Payment Queries': Matching words = set(), Score = 0
Comparing 'how do i update my profile information?' with FAQ 'Technical Support': Matching words = set(), Score = 0
Comparing 'how do i update my profile information?' with FAQ 'Why is the app crashing?': Matching words = set(), Score = 0
Comparing 'how do i update my profile information?' with FAQ 'How do I update the app?': Matching words = {'do', 'i', 'how', 'update'}, Score = 7
Comparing 'how do i update my profile information?' with FAQ 'Account Management': Matching words = set(), Score = 0
Comparing 'how do i update my profile information?' with FAQ 'How do I reset my password?': Matching words = {'my', 'do', 'i', 'how'}, Score = 6
Comparing 'how do i update my profile information?' with FAQ 'How do I update my profile information?': Matching words = {'my', 'do', 'information?', 'profile', 'update', 'i', 'how'}, Score = 13
Comparing 'how do i update my profile information?' with FAQ 'Why was my payment declined?': Matching words = {'my'}, Score = 2
Comparing 'how do i update my profile information?' with FAQ 'Hello': Matching words = set(), Score = 0
Matched FAQ: 'How do I update my profile information?' with score 13
Chatbot response: Log in, go to 'Profile Settings', and edit your details. Save changes when done., Matched FAQ: How do I update my profile information?
Response data: {'response': "Log in, go to 'Profile Settings', and edit your details. Save changes when done."}
Not Found: /chatbot/check_authentication/
Response data: {}
Response data: {}
Watching for file changes with StatReloader
SpaCy model loaded successfully
Not Found: /chatbot/check_authentication/
Response data: {}
Not Found: /chatbot/check_authentication/
Response data: {}
Not Found: /chatbot/check_authentication/
Response data: {}
Forbidden (CSRF token from POST incorrect.): /chatbot-auth/auth/
Not Found: /chatbot/check_authentication/
Response data: {}
Current context: {'greeting_sent': True}
Processing query: why was my payment declined?, is_voice=False
Comparing 'why was my payment declined?' with FAQ 'Payment Queries': Matching words = {'payment'}, Score = 3
Comparing 'why was my payment declined?' with FAQ 'Technical Support': Matching words = set(), Score = 0
Comparing 'why was my payment declined?' with FAQ 'Why is the app crashing?': Matching words = {'why'}, Score = 2
Comparing 'why was my payment declined?' with FAQ 'How do I update the app?': Matching words = set(), Score = 0
Comparing 'why was my payment declined?' with FAQ 'Account Management': Matching words = set(), Score = 0
Comparing 'why was my payment declined?' with FAQ 'How do I reset my password?': Matching words = {'my'}, Score = 2
Comparing 'why was my payment declined?' with FAQ 'How do I update my profile information?': Matching words = {'my'}, Score = 2
Comparing 'why was my payment declined?' with FAQ 'Why was my payment declined?': Matching words = {'was', 'why', 'payment', 'declined?', 'my'}, Score = 11
Comparing 'why was my payment declined?' with FAQ 'Hello': Matching words = set(), Score = 0
Matched FAQ: 'Why was my payment declined?' with score 11
Chatbot response: Ensure your card details are correct and funds are sufficient. Contact your bank or try another payment method., Matched FAQ: Why was my payment declined?
Response data: {'response': 'Ensure your card details are correct and funds are sufficient. Contact your bank or try another payment method.'}
Current context: {'greeting_sent': True}
Processing query: how do i update the app?, is_voice=False
Comparing 'how do i update the app?' with FAQ 'Payment Queries': Matching words = set(), Score = 0
Comparing 'how do i update the app?' with FAQ 'Technical Support': Matching words = set(), Score = 0
Comparing 'how do i update the app?' with FAQ 'Why is the app crashing?': Matching words = {'the'}, Score = 2
Comparing 'how do i update the app?' with FAQ 'How do I update the app?': Matching words = {'update', 'do', 'i', 'the', 'how', 'app?'}, Score = 11
Comparing 'how do i update the app?' with FAQ 'Account Management': Matching words = set(), Score = 0
Comparing 'how do i update the app?' with FAQ 'How do I reset my password?': Matching words = {'how', 'do', 'i'}, Score = 4
Comparing 'how do i update the app?' with FAQ 'How do I update my profile information?': Matching words = {'how', 'do', 'i', 'update'}, Score = 7
Comparing 'how do i update the app?' with FAQ 'Why was my payment declined?': Matching words = set(), Score = 0
Comparing 'how do i update the app?' with FAQ 'Hello': Matching words = set(), Score = 0
Matched FAQ: 'How do I update the app?' with score 11
Chatbot response: Go to your app store, search for our app, and click 'Update' if available., Matched FAQ: How do I update the app?
Response data: {'response': "Go to your app store, search for our app, and click 'Update' if available."}
Current context: {'greeting_sent': True}
Processing query: hi, is_voice=False
Chatbot response: Hello! How can I assist you today?, Matched FAQ: None
Failed to log query: cannot access local variable 'session_key' where it is not associated with a value
Response data: {'response': 'Hello! How can I assist you today?'}
Current context: {'greeting_sent': True}
Processing query: how do i update my profile information?, is_voice=False
Comparing 'how do i update my profile information?' with FAQ 'Payment Queries': Matching words = set(), Score = 0
Comparing 'how do i update my profile information?' with FAQ 'Technical Support': Matching words = set(), Score = 0
Comparing 'how do i update my profile information?' with FAQ 'Why is the app crashing?': Matching words = set(), Score = 0
Comparing 'how do i update my profile information?' with FAQ 'How do I update the app?': Matching words = {'how', 'do', 'i', 'update'}, Score = 7
Comparing 'how do i update my profile information?' with FAQ 'Account Management': Matching words = set(), Score = 0
Comparing 'how do i update my profile information?' with FAQ 'How do I reset my password?': Matching words = {'how', 'do', 'i', 'my'}, Score = 6
Comparing 'how do i update my profile information?' with FAQ 'How do I update my profile information?': Matching words = {'update', 'do', 'i', 'information?', 'how', 'my', 'profile'}, Score = 13
Comparing 'how do i update my profile information?' with FAQ 'Why was my payment declined?': Matching words = {'my'}, Score = 2
Comparing 'how do i update my profile information?' with FAQ 'Hello': Matching words = set(), Score = 0
Matched FAQ: 'How do I update my profile information?' with score 13
Chatbot response: Log in, go to 'Profile Settings', and edit your details. Save changes when done., Matched FAQ: How do I update my profile information?
Response data: {'response': "Log in, go to 'Profile Settings', and edit your details. Save changes when done."}
Current context: {'greeting_sent': True}
Processing query: how do i reset my password?, is_voice=False
Comparing 'how do i reset my password?' with FAQ 'Payment Queries': Matching words = set(), Score = 0
Comparing 'how do i reset my password?' with FAQ 'Technical Support': Matching words = set(), Score = 0
Comparing 'how do i reset my password?' with FAQ 'Why is the app crashing?': Matching words = set(), Score = 0
Comparing 'how do i reset my password?' with FAQ 'How do I update the app?': Matching words = {'how', 'do', 'i'}, Score = 4
Comparing 'how do i reset my password?' with FAQ 'Account Management': Matching words = set(), Score = 0
Comparing 'how do i reset my password?' with FAQ 'How do I reset my password?': Matching words = {'password?', 'reset', 'do', 'i', 'how', 'my'}, Score = 10
Comparing 'how do i reset my password?' with FAQ 'How do I update my profile information?': Matching words = {'how', 'do', 'i', 'my'}, Score = 6
Comparing 'how do i reset my password?' with FAQ 'Why was my payment declined?': Matching words = {'my'}, Score = 2
Comparing 'how do i reset my password?' with FAQ 'Hello': Matching words = set(), Score = 0
Matched FAQ: 'How do I reset my password?' with score 10
Chatbot response: Click 'Forgot Password' on the login page, enter your email, and follow the instructions sent to your inbox., Matched FAQ: How do I reset my password?
Response data: {'response': "Click 'Forgot Password' on the login page, enter your email, and follow the instructions sent to your inbox."}
Not Found: /chatbot/check_authentication/
Response data: {}
Not Found: /chatbot/check_authentication/
Sending greeting: Good evening, Guest! How can I assist you with your FAQs today?
Starting new HTTPS connection (1): accounts.google.com:443
https://accounts.google.com:443 "POST /o/oauth2/token HTTP/1.1" 200 None
Starting new HTTPS connection (1): www.googleapis.com:443
https://www.googleapis.com:443 "GET /oauth2/v3/userinfo HTTP/1.1" 200 None
Pipeline step called for backend: <social_core.backends.google.GoogleOAuth2 object at 0x000001F5C4DDBDA0>, uid: reemavakharia91@gmail.com
No existing association found; proceeding with new user
Not Found: /chatbot/check_authentication/
Response data: {}
Current context: {'greeting_sent': True}
Processing query: how do i reset my password?, is_voice=False
Comparing 'how do i reset my password?' with FAQ 'Payment Queries': Matching words = set(), Score = 0
Comparing 'how do i reset my password?' with FAQ 'Technical Support': Matching words = set(), Score = 0
Comparing 'how do i reset my password?' with FAQ 'Why is the app crashing?': Matching words = set(), Score = 0
Comparing 'how do i reset my password?' with FAQ 'How do I update the app?': Matching words = {'how', 'do', 'i'}, Score = 4
Comparing 'how do i reset my password?' with FAQ 'Account Management': Matching words = set(), Score = 0
Comparing 'how do i reset my password?' with FAQ 'How do I reset my password?': Matching words = {'password?', 'reset', 'do', 'i', 'how', 'my'}, Score = 10
Comparing 'how do i reset my password?' with FAQ 'How do I update my profile information?': Matching words = {'how', 'do', 'i', 'my'}, Score = 6
Comparing 'how do i reset my password?' with FAQ 'Why was my payment declined?': Matching words = {'my'}, Score = 2
Comparing 'how do i reset my password?' with FAQ 'Hello': Matching words = set(), Score = 0
Matched FAQ: 'How do I reset my password?' with score 10
Chatbot response: Click 'Forgot Password' on the login page, enter your email, and follow the instructions sent to your inbox., Matched FAQ: How do I reset my password?
Response data: {'response': "Click 'Forgot Password' on the login page, enter your email, and follow the instructions sent to your inbox."}
Current context: {'greeting_sent': True}
Processing query: how do i update my profile information?, is_voice=False
Comparing 'how do i update my profile information?' with FAQ 'Payment Queries': Matching words = set(), Score = 0
Comparing 'how do i update my profile information?' with FAQ 'Technical Support': Matching words = set(), Score = 0
Comparing 'how do i update my profile information?' with FAQ 'Why is the app crashing?': Matching words = set(), Score = 0
Comparing 'how do i update my profile information?' with FAQ 'How do I update the app?': Matching words = {'how', 'do', 'i', 'update'}, Score = 7
Comparing 'how do i update my profile information?' with FAQ 'Account Management': Matching words = set(), Score = 0
Comparing 'how do i update my profile information?' with FAQ 'How do I reset my password?': Matching words = {'how', 'do', 'i', 'my'}, Score = 6
Comparing 'how do i update my profile information?' with FAQ 'How do I update my profile information?': Matching words = {'update', 'do', 'i', 'information?', 'how', 'my', 'profile'}, Score = 13
Comparing 'how do i update my profile information?' with FAQ 'Why was my payment declined?': Matching words = {'my'}, Score = 2
Comparing 'how do i update my profile information?' with FAQ 'Hello': Matching words = set(), Score = 0
Matched FAQ: 'How do I update my profile information?' with score 13
Chatbot response: Log in, go to 'Profile Settings', and edit your details. Save changes when done., Matched FAQ: How do I update my profile information?
Response data: {'response': "Log in, go to 'Profile Settings', and edit your details. Save changes when done."}
Not Found: /chatbot/check_authentication/
Response data: {}
Current context: {'greeting_sent': True}
Processing query: hi, is_voice=False
Chatbot response: Hello! How can I assist you today?, Matched FAQ: None
Failed to log query: cannot access local variable 'session_key' where it is not associated with a value
Response data: {'response': 'Hello! How can I assist you today?'}
Current context: {'greeting_sent': True}
Processing query: hello, is_voice=False
Chatbot response: Hello! How can I assist you today?, Matched FAQ: None
Failed to log query: cannot access local variable 'session_key' where it is not associated with a value
Response data: {'response': 'Hello! How can I assist you today?'}
Current context: {'greeting_sent': True}
Processing query: hello, is_voice=False
Chatbot response: Hello! How can I assist you today?, Matched FAQ: None
Failed to log query: cannot access local variable 'session_key' where it is not associated with a value
Response data: {'response': 'Hello! How can I assist you today?'}
Current context: {'greeting_sent': True}
Processing query: account management, is_voice=False
Comparing 'account management' with FAQ 'Payment Queries': Matching words = set(), Score = 0
Comparing 'account management' with FAQ 'Technical Support': Matching words = set(), Score = 0
Comparing 'account management' with FAQ 'Why is the app crashing?': Matching words = set(), Score = 0
Comparing 'account management' with FAQ 'How do I update the app?': Matching words = set(), Score = 0
Comparing 'account management' with FAQ 'Account Management': Matching words = {'management', 'account'}, Score = 5
Comparing 'account management' with FAQ 'How do I reset my password?': Matching words = set(), Score = 0
Comparing 'account management' with FAQ 'How do I update my profile information?': Matching words = set(), Score = 0
Comparing 'account management' with FAQ 'Why was my payment declined?': Matching words = set(), Score = 0
Comparing 'account management' with FAQ 'Hello': Matching words = set(), Score = 0
Matched FAQ: 'Account Management' with score 5
Chatbot response: {'sub_faqs': [{'question': 'How do I reset my password?'}, {'question': 'How do I update my profile information?'}]}, Matched FAQ: Account Management
Response data: {'sub_faqs': [{'question': 'How do I reset my password?'}, {'question': 'How do I update my profile information?'}]}
Current context: {'greeting_sent': True}
Processing query: how do i update my profile information?, is_voice=False
Comparing 'how do i update my profile information?' with FAQ 'Payment Queries': Matching words = set(), Score = 0
Comparing 'how do i update my profile information?' with FAQ 'Technical Support': Matching words = set(), Score = 0
Comparing 'how do i update my profile information?' with FAQ 'Why is the app crashing?': Matching words = set(), Score = 0
Comparing 'how do i update my profile information?' with FAQ 'How do I update the app?': Matching words = {'how', 'do', 'i', 'update'}, Score = 7
Comparing 'how do i update my profile information?' with FAQ 'Account Management': Matching words = set(), Score = 0
Comparing 'how do i update my profile information?' with FAQ 'How do I reset my password?': Matching words = {'how', 'do', 'i', 'my'}, Score = 6
Comparing 'how do i update my profile information?' with FAQ 'How do I update my profile information?': Matching words = {'update', 'do', 'i', 'information?', 'how', 'my', 'profile'}, Score = 13
Comparing 'how do i update my profile information?' with FAQ 'Why was my payment declined?': Matching words = {'my'}, Score = 2
Comparing 'how do i update my profile information?' with FAQ 'Hello': Matching words = set(), Score = 0
Matched FAQ: 'How do I update my profile information?' with score 13
Chatbot response: Log in, go to 'Profile Settings', and edit your details. Save changes when done., Matched FAQ: How do I update my profile information?
Response data: {'response': "Log in, go to 'Profile Settings', and edit your details. Save changes when done."}
Current context: {'greeting_sent': True}
Processing query: how do i update my profile, is_voice=False
Comparing 'how do i update my profile' with FAQ 'Payment Queries': Matching words = set(), Score = 0
Comparing 'how do i update my profile' with FAQ 'Technical Support': Matching words = set(), Score = 0
Comparing 'how do i update my profile' with FAQ 'Why is the app crashing?': Matching words = set(), Score = 0
Comparing 'how do i update my profile' with FAQ 'How do I update the app?': Matching words = {'how', 'do', 'i', 'update'}, Score = 7
Comparing 'how do i update my profile' with FAQ 'Account Management': Matching words = set(), Score = 0
Comparing 'how do i update my profile' with FAQ 'How do I reset my password?': Matching words = {'how', 'do', 'i', 'my'}, Score = 6
Comparing 'how do i update my profile' with FAQ 'How do I update my profile information?': Matching words = {'update', 'do', 'i', 'how', 'my', 'profile'}, Score = 11
Comparing 'how do i update my profile' with FAQ 'Why was my payment declined?': Matching words = {'my'}, Score = 2
Comparing 'how do i update my profile' with FAQ 'Hello': Matching words = set(), Score = 0
Matched FAQ: 'How do I update my profile information?' with score 11
Chatbot response: Log in, go to 'Profile Settings', and edit your details. Save changes when done., Matched FAQ: How do I update my profile information?
Response data: {'response': "Log in, go to 'Profile Settings', and edit your details. Save changes when done."}
Not Found: /chatbot/check_authentication/
Not Found: /chatbot/check_authentication/
Not Found: /chatbot/check_authentication/
Not Found: /chatbot/check_authentication/
Not Found: /chatbot/check_authentication/
Not Found: /chatbot/check_authentication/
Starting new HTTPS connection (1): accounts.google.com:443
https://accounts.google.com:443 "POST /o/oauth2/token HTTP/1.1" 200 None
Starting new HTTPS connection (1): www.googleapis.com:443
https://www.googleapis.com:443 "GET /oauth2/v3/userinfo HTTP/1.1" 200 None
Pipeline step called for backend: <social_core.backends.google.GoogleOAuth2 object at 0x000001F5C5144B00>, uid: reemavakharia91@gmail.com
Found existing user: reemavakharia91
Same user logged in; proceeding
Not Found: /chatbot/check_authentication/
Not Found: /chatbot/check_authentication/
Not Found: /chatbot/check_authentication/
Not Found: /chatbot/check_authentication/
Not Found: /chatbot/check_authentication/
Not Found: /chatbot/check_authentication/
Starting new HTTPS connection (1): accounts.google.com:443
https://accounts.google.com:443 "POST /o/oauth2/token HTTP/1.1" 200 None
Starting new HTTPS connection (1): www.googleapis.com:443
https://www.googleapis.com:443 "GET /oauth2/v3/userinfo HTTP/1.1" 200 None
Pipeline step called for backend: <social_core.backends.google.GoogleOAuth2 object at 0x000001F5999803B0>, uid: nisarg.04.v@gmail.com
Found existing user: dummy2
Conflict detected: Current user new_user1 differs from existing user dummy2
Logged out current user to proceed with Google login
Not Found: /chatbot-auth/signup_signin/
F:\pyprojects\Nx1\CONVERSA\chatbot_auth\urls.py changed, reloading.
Watching for file changes with StatReloader
SpaCy model loaded successfully
Not Found: /chatbot-auth/signup_signin/
Not Found: /chatbot-auth/signup_signin/
Not Found: /chatbot-auth/signup_signin/
Not Found: /chatbot-auth/signup_signin/
Not Found: /chatbot-auth/signup_signin/
Starting new HTTPS connection (1): accounts.google.com:443
https://accounts.google.com:443 "POST /o/oauth2/token HTTP/1.1" 200 None
Starting new HTTPS connection (1): www.googleapis.com:443
https://www.googleapis.com:443 "GET /oauth2/v3/userinfo HTTP/1.1" 200 None
Pipeline step called for backend: <social_core.backends.google.GoogleOAuth2 object at 0x000001E2781D7530>, uid: nisargvakharia92@gmail.com
Found existing user: v040305
No user logged in; proceeding with existing user login
Internal Server Error: /chatbot/
Traceback (most recent call last):
  File "F:\pyprojects\Nx1\.venv\Lib\site-packages\django\core\handlers\exception.py", line 55, in inner
    response = get_response(request)
               ^^^^^^^^^^^^^^^^^^^^^
  File "F:\pyprojects\Nx1\.venv\Lib\site-packages\django\core\handlers\base.py", line 197, in _get_response
    response = wrapped_callback(request, *callback_args, **callback_kwargs)
               ^^^^^^^^^^^^^^^^^^^^^^^^^^^^^^^^^^^^^^^^^^^^^^^^^^^^^^^^^^^^
  File "F:\pyprojects\Nx1\CONVERSA\chatbot_project\views.py", line 48, in homepage
    return render(request, 'chatbot/homepage.html', {'faqs': faqs})
           ^^^^^^^^^^^^^^^^^^^^^^^^^^^^^^^^^^^^^^^^^^^^^^^^^^^^^^^^
  File "F:\pyprojects\Nx1\.venv\Lib\site-packages\django\shortcuts.py", line 25, in render
    content = loader.render_to_string(template_name, context, request, using=using)
              ^^^^^^^^^^^^^^^^^^^^^^^^^^^^^^^^^^^^^^^^^^^^^^^^^^^^^^^^^^^^^^^^^^^^^
  File "F:\pyprojects\Nx1\.venv\Lib\site-packages\django\template\loader.py", line 62, in render_to_string
    return template.render(context, request)
           ^^^^^^^^^^^^^^^^^^^^^^^^^^^^^^^^^
  File "F:\pyprojects\Nx1\.venv\Lib\site-packages\django\template\backends\django.py", line 107, in render
    return self.template.render(context)
           ^^^^^^^^^^^^^^^^^^^^^^^^^^^^^
  File "F:\pyprojects\Nx1\.venv\Lib\site-packages\django\template\base.py", line 171, in render
    return self._render(context)
           ^^^^^^^^^^^^^^^^^^^^^
  File "F:\pyprojects\Nx1\.venv\Lib\site-packages\django\template\base.py", line 163, in _render
    return self.nodelist.render(context)
           ^^^^^^^^^^^^^^^^^^^^^^^^^^^^^
  File "F:\pyprojects\Nx1\.venv\Lib\site-packages\django\template\base.py", line 1008, in render
    return SafeString("".join([node.render_annotated(context) for node in self]))
                               ^^^^^^^^^^^^^^^^^^^^^^^^^^^^^^
  File "F:\pyprojects\Nx1\.venv\Lib\site-packages\django\template\base.py", line 969, in render_annotated
    return self.render(context)
           ^^^^^^^^^^^^^^^^^^^^
  File "F:\pyprojects\Nx1\.venv\Lib\site-packages\django\template\defaulttags.py", line 480, in render
    url = reverse(view_name, args=args, kwargs=kwargs, current_app=current_app)
          ^^^^^^^^^^^^^^^^^^^^^^^^^^^^^^^^^^^^^^^^^^^^^^^^^^^^^^^^^^^^^^^^^^^^^
  File "F:\pyprojects\Nx1\.venv\Lib\site-packages\django\urls\base.py", line 88, in reverse
    return resolver._reverse_with_prefix(view, prefix, *args, **kwargs)
           ^^^^^^^^^^^^^^^^^^^^^^^^^^^^^^^^^^^^^^^^^^^^^^^^^^^^^^^^^^^^
  File "F:\pyprojects\Nx1\.venv\Lib\site-packages\django\urls\resolvers.py", line 831, in _reverse_with_prefix
    raise NoReverseMatch(msg)
django.urls.exceptions.NoReverseMatch: Reverse for 'signup_signin' not found. 'signup_signin' is not a valid view function or pattern name.
F:\pyprojects\Nx1\CONVERSA\chatbot_auth\urls.py changed, reloading.
Watching for file changes with StatReloader
SpaCy model loaded successfully
Not Found: /chatbot/check_authentication/
Not Found: /chatbot/check_authentication/
Not Found: /chatbot/check_authentication/
Not Found: /chatbot/check_authentication/
Not Found: /chatbot/check_authentication/
Not Found: /chatbot/check_authentication/
Not Found: /chatbot/check_authentication/
Not Found: /chatbot/check_authentication/
Not Found: /favicon.ico
Starting new HTTPS connection (1): accounts.google.com:443
https://accounts.google.com:443 "POST /o/oauth2/token HTTP/1.1" 200 None
Starting new HTTPS connection (1): www.googleapis.com:443
https://www.googleapis.com:443 "GET /oauth2/v3/userinfo HTTP/1.1" 200 None
Pipeline step called for backend: <social_core.backends.google.GoogleOAuth2 object at 0x000001E1733ABE90>, uid: nisarg.04.v@gmail.com
Found existing user: dummy2
Conflict detected: Current user v040305 differs from existing user dummy2
Logged out current user to proceed with Google login
Not Found: /chatbot-auth/signup_signin/
Internal Server Error: /auth/complete/google-oauth2/
Traceback (most recent call last):
  File "F:\pyprojects\Nx1\.venv\Lib\site-packages\django\core\handlers\exception.py", line 55, in inner
    response = get_response(request)
               ^^^^^^^^^^^^^^^^^^^^^
  File "F:\pyprojects\Nx1\.venv\Lib\site-packages\django\core\handlers\base.py", line 197, in _get_response
    response = wrapped_callback(request, *callback_args, **callback_kwargs)
               ^^^^^^^^^^^^^^^^^^^^^^^^^^^^^^^^^^^^^^^^^^^^^^^^^^^^^^^^^^^^
  File "F:\pyprojects\Nx1\.venv\Lib\site-packages\django\views\decorators\cache.py", line 80, in _view_wrapper
    response = view_func(request, *args, **kwargs)
               ^^^^^^^^^^^^^^^^^^^^^^^^^^^^^^^^^^^
  File "F:\pyprojects\Nx1\.venv\Lib\site-packages\django\views\decorators\csrf.py", line 65, in _view_wrapper
    return view_func(request, *args, **kwargs)
           ^^^^^^^^^^^^^^^^^^^^^^^^^^^^^^^^^^^
  File "F:\pyprojects\Nx1\.venv\Lib\site-packages\social_django\utils.py", line 43, in wrapper
    return func(request, backend, *args, **kwargs)
           ^^^^^^^^^^^^^^^^^^^^^^^^^^^^^^^^^^^^^^^
  File "F:\pyprojects\Nx1\.venv\Lib\site-packages\social_django\views.py", line 31, in complete
    return do_complete(
           ^^^^^^^^^^^^
  File "F:\pyprojects\Nx1\.venv\Lib\site-packages\social_core\actions.py", line 50, in do_complete
    user = backend.complete(user=user, redirect_name=redirect_name, *args, **kwargs)
           ^^^^^^^^^^^^^^^^^^^^^^^^^^^^^^^^^^^^^^^^^^^^^^^^^^^^^^^^^^^^^^^^^^^^^^^^^
  File "F:\pyprojects\Nx1\.venv\Lib\site-packages\social_core\backends\base.py", line 38, in complete
    return self.auth_complete(*args, **kwargs)
           ^^^^^^^^^^^^^^^^^^^^^^^^^^^^^^^^^^^
  File "F:\pyprojects\Nx1\.venv\Lib\site-packages\social_core\utils.py", line 226, in wrapper
    return func(*args, **kwargs)
           ^^^^^^^^^^^^^^^^^^^^^
  File "F:\pyprojects\Nx1\.venv\Lib\site-packages\social_core\backends\oauth.py", line 417, in auth_complete
    state = self.validate_state()
            ^^^^^^^^^^^^^^^^^^^^^
  File "F:\pyprojects\Nx1\.venv\Lib\site-packages\social_core\backends\oauth.py", line 107, in validate_state
    raise AuthStateMissing(self, "state")
social_core.exceptions.AuthStateMissing: Session value state missing.
F:\pyprojects\Nx1\CONVERSA\chatbot_auth\views.py changed, reloading.
Watching for file changes with StatReloader
SpaCy model loaded successfully
Not Found: /chatbot/check_authentication/
Not Found: /chatbot/check_authentication/
Starting new HTTPS connection (1): accounts.google.com:443
https://accounts.google.com:443 "POST /o/oauth2/token HTTP/1.1" 200 None
Starting new HTTPS connection (1): www.googleapis.com:443
https://www.googleapis.com:443 "GET /oauth2/v3/userinfo HTTP/1.1" 200 None
Pipeline step called for backend: <social_core.backends.google.GoogleOAuth2 object at 0x0000010CA7C08110>, uid: jaiminvakharia@gmail.com
Found existing user: v040305
No user logged in; proceeding with existing user login
Not Found: /chatbot/check_authentication/
Not Found: /chatbot/check_authentication/
Internal Server Error: /auth/complete/google-oauth2/
Traceback (most recent call last):
  File "F:\pyprojects\Nx1\.venv\Lib\site-packages\django\core\handlers\exception.py", line 55, in inner
    response = get_response(request)
               ^^^^^^^^^^^^^^^^^^^^^
  File "F:\pyprojects\Nx1\.venv\Lib\site-packages\django\core\handlers\base.py", line 197, in _get_response
    response = wrapped_callback(request, *callback_args, **callback_kwargs)
               ^^^^^^^^^^^^^^^^^^^^^^^^^^^^^^^^^^^^^^^^^^^^^^^^^^^^^^^^^^^^
  File "F:\pyprojects\Nx1\.venv\Lib\site-packages\django\views\decorators\cache.py", line 80, in _view_wrapper
    response = view_func(request, *args, **kwargs)
               ^^^^^^^^^^^^^^^^^^^^^^^^^^^^^^^^^^^
  File "F:\pyprojects\Nx1\.venv\Lib\site-packages\django\views\decorators\csrf.py", line 65, in _view_wrapper
    return view_func(request, *args, **kwargs)
           ^^^^^^^^^^^^^^^^^^^^^^^^^^^^^^^^^^^
  File "F:\pyprojects\Nx1\.venv\Lib\site-packages\social_django\utils.py", line 43, in wrapper
    return func(request, backend, *args, **kwargs)
           ^^^^^^^^^^^^^^^^^^^^^^^^^^^^^^^^^^^^^^^
  File "F:\pyprojects\Nx1\.venv\Lib\site-packages\social_django\views.py", line 31, in complete
    return do_complete(
           ^^^^^^^^^^^^
  File "F:\pyprojects\Nx1\.venv\Lib\site-packages\social_core\actions.py", line 50, in do_complete
    user = backend.complete(user=user, redirect_name=redirect_name, *args, **kwargs)
           ^^^^^^^^^^^^^^^^^^^^^^^^^^^^^^^^^^^^^^^^^^^^^^^^^^^^^^^^^^^^^^^^^^^^^^^^^
  File "F:\pyprojects\Nx1\.venv\Lib\site-packages\social_core\backends\base.py", line 38, in complete
    return self.auth_complete(*args, **kwargs)
           ^^^^^^^^^^^^^^^^^^^^^^^^^^^^^^^^^^^
  File "F:\pyprojects\Nx1\.venv\Lib\site-packages\social_core\utils.py", line 226, in wrapper
    return func(*args, **kwargs)
           ^^^^^^^^^^^^^^^^^^^^^
  File "F:\pyprojects\Nx1\.venv\Lib\site-packages\social_core\backends\oauth.py", line 417, in auth_complete
    state = self.validate_state()
            ^^^^^^^^^^^^^^^^^^^^^
  File "F:\pyprojects\Nx1\.venv\Lib\site-packages\social_core\backends\oauth.py", line 109, in validate_state
    raise AuthStateForbidden(self)
social_core.exceptions.AuthStateForbidden: Wrong state parameter given.
Internal Server Error: /auth/complete/google-oauth2/
Traceback (most recent call last):
  File "F:\pyprojects\Nx1\.venv\Lib\site-packages\django\core\handlers\exception.py", line 55, in inner
    response = get_response(request)
               ^^^^^^^^^^^^^^^^^^^^^
  File "F:\pyprojects\Nx1\.venv\Lib\site-packages\django\core\handlers\base.py", line 197, in _get_response
    response = wrapped_callback(request, *callback_args, **callback_kwargs)
               ^^^^^^^^^^^^^^^^^^^^^^^^^^^^^^^^^^^^^^^^^^^^^^^^^^^^^^^^^^^^
  File "F:\pyprojects\Nx1\.venv\Lib\site-packages\django\views\decorators\cache.py", line 80, in _view_wrapper
    response = view_func(request, *args, **kwargs)
               ^^^^^^^^^^^^^^^^^^^^^^^^^^^^^^^^^^^
  File "F:\pyprojects\Nx1\.venv\Lib\site-packages\django\views\decorators\csrf.py", line 65, in _view_wrapper
    return view_func(request, *args, **kwargs)
           ^^^^^^^^^^^^^^^^^^^^^^^^^^^^^^^^^^^
  File "F:\pyprojects\Nx1\.venv\Lib\site-packages\social_django\utils.py", line 43, in wrapper
    return func(request, backend, *args, **kwargs)
           ^^^^^^^^^^^^^^^^^^^^^^^^^^^^^^^^^^^^^^^
  File "F:\pyprojects\Nx1\.venv\Lib\site-packages\social_django\views.py", line 31, in complete
    return do_complete(
           ^^^^^^^^^^^^
  File "F:\pyprojects\Nx1\.venv\Lib\site-packages\social_core\actions.py", line 50, in do_complete
    user = backend.complete(user=user, redirect_name=redirect_name, *args, **kwargs)
           ^^^^^^^^^^^^^^^^^^^^^^^^^^^^^^^^^^^^^^^^^^^^^^^^^^^^^^^^^^^^^^^^^^^^^^^^^
  File "F:\pyprojects\Nx1\.venv\Lib\site-packages\social_core\backends\base.py", line 38, in complete
    return self.auth_complete(*args, **kwargs)
           ^^^^^^^^^^^^^^^^^^^^^^^^^^^^^^^^^^^
  File "F:\pyprojects\Nx1\.venv\Lib\site-packages\social_core\utils.py", line 226, in wrapper
    return func(*args, **kwargs)
           ^^^^^^^^^^^^^^^^^^^^^
  File "F:\pyprojects\Nx1\.venv\Lib\site-packages\social_core\backends\oauth.py", line 417, in auth_complete
    state = self.validate_state()
            ^^^^^^^^^^^^^^^^^^^^^
  File "F:\pyprojects\Nx1\.venv\Lib\site-packages\social_core\backends\oauth.py", line 109, in validate_state
    raise AuthStateForbidden(self)
social_core.exceptions.AuthStateForbidden: Wrong state parameter given.
Internal Server Error: /auth/complete/google-oauth2/
Traceback (most recent call last):
  File "F:\pyprojects\Nx1\.venv\Lib\site-packages\django\core\handlers\exception.py", line 55, in inner
    response = get_response(request)
               ^^^^^^^^^^^^^^^^^^^^^
  File "F:\pyprojects\Nx1\.venv\Lib\site-packages\django\core\handlers\base.py", line 197, in _get_response
    response = wrapped_callback(request, *callback_args, **callback_kwargs)
               ^^^^^^^^^^^^^^^^^^^^^^^^^^^^^^^^^^^^^^^^^^^^^^^^^^^^^^^^^^^^
  File "F:\pyprojects\Nx1\.venv\Lib\site-packages\django\views\decorators\cache.py", line 80, in _view_wrapper
    response = view_func(request, *args, **kwargs)
               ^^^^^^^^^^^^^^^^^^^^^^^^^^^^^^^^^^^
  File "F:\pyprojects\Nx1\.venv\Lib\site-packages\django\views\decorators\csrf.py", line 65, in _view_wrapper
    return view_func(request, *args, **kwargs)
           ^^^^^^^^^^^^^^^^^^^^^^^^^^^^^^^^^^^
  File "F:\pyprojects\Nx1\.venv\Lib\site-packages\social_django\utils.py", line 43, in wrapper
    return func(request, backend, *args, **kwargs)
           ^^^^^^^^^^^^^^^^^^^^^^^^^^^^^^^^^^^^^^^
  File "F:\pyprojects\Nx1\.venv\Lib\site-packages\social_django\views.py", line 31, in complete
    return do_complete(
           ^^^^^^^^^^^^
  File "F:\pyprojects\Nx1\.venv\Lib\site-packages\social_core\actions.py", line 50, in do_complete
    user = backend.complete(user=user, redirect_name=redirect_name, *args, **kwargs)
           ^^^^^^^^^^^^^^^^^^^^^^^^^^^^^^^^^^^^^^^^^^^^^^^^^^^^^^^^^^^^^^^^^^^^^^^^^
  File "F:\pyprojects\Nx1\.venv\Lib\site-packages\social_core\backends\base.py", line 38, in complete
    return self.auth_complete(*args, **kwargs)
           ^^^^^^^^^^^^^^^^^^^^^^^^^^^^^^^^^^^
  File "F:\pyprojects\Nx1\.venv\Lib\site-packages\social_core\utils.py", line 226, in wrapper
    return func(*args, **kwargs)
           ^^^^^^^^^^^^^^^^^^^^^
  File "F:\pyprojects\Nx1\.venv\Lib\site-packages\social_core\backends\oauth.py", line 417, in auth_complete
    state = self.validate_state()
            ^^^^^^^^^^^^^^^^^^^^^
  File "F:\pyprojects\Nx1\.venv\Lib\site-packages\social_core\backends\oauth.py", line 109, in validate_state
    raise AuthStateForbidden(self)
social_core.exceptions.AuthStateForbidden: Wrong state parameter given.
Internal Server Error: /auth/complete/google-oauth2/
Traceback (most recent call last):
  File "F:\pyprojects\Nx1\.venv\Lib\site-packages\django\core\handlers\exception.py", line 55, in inner
    response = get_response(request)
               ^^^^^^^^^^^^^^^^^^^^^
  File "F:\pyprojects\Nx1\.venv\Lib\site-packages\django\core\handlers\base.py", line 197, in _get_response
    response = wrapped_callback(request, *callback_args, **callback_kwargs)
               ^^^^^^^^^^^^^^^^^^^^^^^^^^^^^^^^^^^^^^^^^^^^^^^^^^^^^^^^^^^^
  File "F:\pyprojects\Nx1\.venv\Lib\site-packages\django\views\decorators\cache.py", line 80, in _view_wrapper
    response = view_func(request, *args, **kwargs)
               ^^^^^^^^^^^^^^^^^^^^^^^^^^^^^^^^^^^
  File "F:\pyprojects\Nx1\.venv\Lib\site-packages\django\views\decorators\csrf.py", line 65, in _view_wrapper
    return view_func(request, *args, **kwargs)
           ^^^^^^^^^^^^^^^^^^^^^^^^^^^^^^^^^^^
  File "F:\pyprojects\Nx1\.venv\Lib\site-packages\social_django\utils.py", line 43, in wrapper
    return func(request, backend, *args, **kwargs)
           ^^^^^^^^^^^^^^^^^^^^^^^^^^^^^^^^^^^^^^^
  File "F:\pyprojects\Nx1\.venv\Lib\site-packages\social_django\views.py", line 31, in complete
    return do_complete(
           ^^^^^^^^^^^^
  File "F:\pyprojects\Nx1\.venv\Lib\site-packages\social_core\actions.py", line 50, in do_complete
    user = backend.complete(user=user, redirect_name=redirect_name, *args, **kwargs)
           ^^^^^^^^^^^^^^^^^^^^^^^^^^^^^^^^^^^^^^^^^^^^^^^^^^^^^^^^^^^^^^^^^^^^^^^^^
  File "F:\pyprojects\Nx1\.venv\Lib\site-packages\social_core\backends\base.py", line 38, in complete
    return self.auth_complete(*args, **kwargs)
           ^^^^^^^^^^^^^^^^^^^^^^^^^^^^^^^^^^^
  File "F:\pyprojects\Nx1\.venv\Lib\site-packages\social_core\utils.py", line 226, in wrapper
    return func(*args, **kwargs)
           ^^^^^^^^^^^^^^^^^^^^^
  File "F:\pyprojects\Nx1\.venv\Lib\site-packages\social_core\backends\oauth.py", line 417, in auth_complete
    state = self.validate_state()
            ^^^^^^^^^^^^^^^^^^^^^
  File "F:\pyprojects\Nx1\.venv\Lib\site-packages\social_core\backends\oauth.py", line 109, in validate_state
    raise AuthStateForbidden(self)
social_core.exceptions.AuthStateForbidden: Wrong state parameter given.
Internal Server Error: /auth/complete/google-oauth2/
Traceback (most recent call last):
  File "F:\pyprojects\Nx1\.venv\Lib\site-packages\django\core\handlers\exception.py", line 55, in inner
    response = get_response(request)
               ^^^^^^^^^^^^^^^^^^^^^
  File "F:\pyprojects\Nx1\.venv\Lib\site-packages\django\core\handlers\base.py", line 197, in _get_response
    response = wrapped_callback(request, *callback_args, **callback_kwargs)
               ^^^^^^^^^^^^^^^^^^^^^^^^^^^^^^^^^^^^^^^^^^^^^^^^^^^^^^^^^^^^
  File "F:\pyprojects\Nx1\.venv\Lib\site-packages\django\views\decorators\cache.py", line 80, in _view_wrapper
    response = view_func(request, *args, **kwargs)
               ^^^^^^^^^^^^^^^^^^^^^^^^^^^^^^^^^^^
  File "F:\pyprojects\Nx1\.venv\Lib\site-packages\django\views\decorators\csrf.py", line 65, in _view_wrapper
    return view_func(request, *args, **kwargs)
           ^^^^^^^^^^^^^^^^^^^^^^^^^^^^^^^^^^^
  File "F:\pyprojects\Nx1\.venv\Lib\site-packages\social_django\utils.py", line 43, in wrapper
    return func(request, backend, *args, **kwargs)
           ^^^^^^^^^^^^^^^^^^^^^^^^^^^^^^^^^^^^^^^
  File "F:\pyprojects\Nx1\.venv\Lib\site-packages\social_django\views.py", line 31, in complete
    return do_complete(
           ^^^^^^^^^^^^
  File "F:\pyprojects\Nx1\.venv\Lib\site-packages\social_core\actions.py", line 50, in do_complete
    user = backend.complete(user=user, redirect_name=redirect_name, *args, **kwargs)
           ^^^^^^^^^^^^^^^^^^^^^^^^^^^^^^^^^^^^^^^^^^^^^^^^^^^^^^^^^^^^^^^^^^^^^^^^^
  File "F:\pyprojects\Nx1\.venv\Lib\site-packages\social_core\backends\base.py", line 38, in complete
    return self.auth_complete(*args, **kwargs)
           ^^^^^^^^^^^^^^^^^^^^^^^^^^^^^^^^^^^
  File "F:\pyprojects\Nx1\.venv\Lib\site-packages\social_core\utils.py", line 226, in wrapper
    return func(*args, **kwargs)
           ^^^^^^^^^^^^^^^^^^^^^
  File "F:\pyprojects\Nx1\.venv\Lib\site-packages\social_core\backends\oauth.py", line 417, in auth_complete
    state = self.validate_state()
            ^^^^^^^^^^^^^^^^^^^^^
  File "F:\pyprojects\Nx1\.venv\Lib\site-packages\social_core\backends\oauth.py", line 109, in validate_state
    raise AuthStateForbidden(self)
social_core.exceptions.AuthStateForbidden: Wrong state parameter given.
Internal Server Error: /auth/complete/google-oauth2/
Traceback (most recent call last):
  File "F:\pyprojects\Nx1\.venv\Lib\site-packages\django\core\handlers\exception.py", line 55, in inner
    response = get_response(request)
               ^^^^^^^^^^^^^^^^^^^^^
  File "F:\pyprojects\Nx1\.venv\Lib\site-packages\django\core\handlers\base.py", line 197, in _get_response
    response = wrapped_callback(request, *callback_args, **callback_kwargs)
               ^^^^^^^^^^^^^^^^^^^^^^^^^^^^^^^^^^^^^^^^^^^^^^^^^^^^^^^^^^^^
  File "F:\pyprojects\Nx1\.venv\Lib\site-packages\django\views\decorators\cache.py", line 80, in _view_wrapper
    response = view_func(request, *args, **kwargs)
               ^^^^^^^^^^^^^^^^^^^^^^^^^^^^^^^^^^^
  File "F:\pyprojects\Nx1\.venv\Lib\site-packages\django\views\decorators\csrf.py", line 65, in _view_wrapper
    return view_func(request, *args, **kwargs)
           ^^^^^^^^^^^^^^^^^^^^^^^^^^^^^^^^^^^
  File "F:\pyprojects\Nx1\.venv\Lib\site-packages\social_django\utils.py", line 43, in wrapper
    return func(request, backend, *args, **kwargs)
           ^^^^^^^^^^^^^^^^^^^^^^^^^^^^^^^^^^^^^^^
  File "F:\pyprojects\Nx1\.venv\Lib\site-packages\social_django\views.py", line 31, in complete
    return do_complete(
           ^^^^^^^^^^^^
  File "F:\pyprojects\Nx1\.venv\Lib\site-packages\social_core\actions.py", line 50, in do_complete
    user = backend.complete(user=user, redirect_name=redirect_name, *args, **kwargs)
           ^^^^^^^^^^^^^^^^^^^^^^^^^^^^^^^^^^^^^^^^^^^^^^^^^^^^^^^^^^^^^^^^^^^^^^^^^
  File "F:\pyprojects\Nx1\.venv\Lib\site-packages\social_core\backends\base.py", line 38, in complete
    return self.auth_complete(*args, **kwargs)
           ^^^^^^^^^^^^^^^^^^^^^^^^^^^^^^^^^^^
  File "F:\pyprojects\Nx1\.venv\Lib\site-packages\social_core\utils.py", line 226, in wrapper
    return func(*args, **kwargs)
           ^^^^^^^^^^^^^^^^^^^^^
  File "F:\pyprojects\Nx1\.venv\Lib\site-packages\social_core\backends\oauth.py", line 417, in auth_complete
    state = self.validate_state()
            ^^^^^^^^^^^^^^^^^^^^^
  File "F:\pyprojects\Nx1\.venv\Lib\site-packages\social_core\backends\oauth.py", line 109, in validate_state
    raise AuthStateForbidden(self)
social_core.exceptions.AuthStateForbidden: Wrong state parameter given.
Internal Server Error: /auth/complete/google-oauth2/
Traceback (most recent call last):
  File "F:\pyprojects\Nx1\.venv\Lib\site-packages\django\core\handlers\exception.py", line 55, in inner
    response = get_response(request)
               ^^^^^^^^^^^^^^^^^^^^^
  File "F:\pyprojects\Nx1\.venv\Lib\site-packages\django\core\handlers\base.py", line 197, in _get_response
    response = wrapped_callback(request, *callback_args, **callback_kwargs)
               ^^^^^^^^^^^^^^^^^^^^^^^^^^^^^^^^^^^^^^^^^^^^^^^^^^^^^^^^^^^^
  File "F:\pyprojects\Nx1\.venv\Lib\site-packages\django\views\decorators\cache.py", line 80, in _view_wrapper
    response = view_func(request, *args, **kwargs)
               ^^^^^^^^^^^^^^^^^^^^^^^^^^^^^^^^^^^
  File "F:\pyprojects\Nx1\.venv\Lib\site-packages\django\views\decorators\csrf.py", line 65, in _view_wrapper
    return view_func(request, *args, **kwargs)
           ^^^^^^^^^^^^^^^^^^^^^^^^^^^^^^^^^^^
  File "F:\pyprojects\Nx1\.venv\Lib\site-packages\social_django\utils.py", line 43, in wrapper
    return func(request, backend, *args, **kwargs)
           ^^^^^^^^^^^^^^^^^^^^^^^^^^^^^^^^^^^^^^^
  File "F:\pyprojects\Nx1\.venv\Lib\site-packages\social_django\views.py", line 31, in complete
    return do_complete(
           ^^^^^^^^^^^^
  File "F:\pyprojects\Nx1\.venv\Lib\site-packages\social_core\actions.py", line 50, in do_complete
    user = backend.complete(user=user, redirect_name=redirect_name, *args, **kwargs)
           ^^^^^^^^^^^^^^^^^^^^^^^^^^^^^^^^^^^^^^^^^^^^^^^^^^^^^^^^^^^^^^^^^^^^^^^^^
  File "F:\pyprojects\Nx1\.venv\Lib\site-packages\social_core\backends\base.py", line 38, in complete
    return self.auth_complete(*args, **kwargs)
           ^^^^^^^^^^^^^^^^^^^^^^^^^^^^^^^^^^^
  File "F:\pyprojects\Nx1\.venv\Lib\site-packages\social_core\utils.py", line 226, in wrapper
    return func(*args, **kwargs)
           ^^^^^^^^^^^^^^^^^^^^^
  File "F:\pyprojects\Nx1\.venv\Lib\site-packages\social_core\backends\oauth.py", line 417, in auth_complete
    state = self.validate_state()
            ^^^^^^^^^^^^^^^^^^^^^
  File "F:\pyprojects\Nx1\.venv\Lib\site-packages\social_core\backends\oauth.py", line 109, in validate_state
    raise AuthStateForbidden(self)
social_core.exceptions.AuthStateForbidden: Wrong state parameter given.
Internal Server Error: /auth/complete/google-oauth2/
Traceback (most recent call last):
  File "F:\pyprojects\Nx1\.venv\Lib\site-packages\django\core\handlers\exception.py", line 55, in inner
    response = get_response(request)
               ^^^^^^^^^^^^^^^^^^^^^
  File "F:\pyprojects\Nx1\.venv\Lib\site-packages\django\core\handlers\base.py", line 197, in _get_response
    response = wrapped_callback(request, *callback_args, **callback_kwargs)
               ^^^^^^^^^^^^^^^^^^^^^^^^^^^^^^^^^^^^^^^^^^^^^^^^^^^^^^^^^^^^
  File "F:\pyprojects\Nx1\.venv\Lib\site-packages\django\views\decorators\cache.py", line 80, in _view_wrapper
    response = view_func(request, *args, **kwargs)
               ^^^^^^^^^^^^^^^^^^^^^^^^^^^^^^^^^^^
  File "F:\pyprojects\Nx1\.venv\Lib\site-packages\django\views\decorators\csrf.py", line 65, in _view_wrapper
    return view_func(request, *args, **kwargs)
           ^^^^^^^^^^^^^^^^^^^^^^^^^^^^^^^^^^^
  File "F:\pyprojects\Nx1\.venv\Lib\site-packages\social_django\utils.py", line 43, in wrapper
    return func(request, backend, *args, **kwargs)
           ^^^^^^^^^^^^^^^^^^^^^^^^^^^^^^^^^^^^^^^
  File "F:\pyprojects\Nx1\.venv\Lib\site-packages\social_django\views.py", line 31, in complete
    return do_complete(
           ^^^^^^^^^^^^
  File "F:\pyprojects\Nx1\.venv\Lib\site-packages\social_core\actions.py", line 50, in do_complete
    user = backend.complete(user=user, redirect_name=redirect_name, *args, **kwargs)
           ^^^^^^^^^^^^^^^^^^^^^^^^^^^^^^^^^^^^^^^^^^^^^^^^^^^^^^^^^^^^^^^^^^^^^^^^^
  File "F:\pyprojects\Nx1\.venv\Lib\site-packages\social_core\backends\base.py", line 38, in complete
    return self.auth_complete(*args, **kwargs)
           ^^^^^^^^^^^^^^^^^^^^^^^^^^^^^^^^^^^
  File "F:\pyprojects\Nx1\.venv\Lib\site-packages\social_core\utils.py", line 226, in wrapper
    return func(*args, **kwargs)
           ^^^^^^^^^^^^^^^^^^^^^
  File "F:\pyprojects\Nx1\.venv\Lib\site-packages\social_core\backends\oauth.py", line 417, in auth_complete
    state = self.validate_state()
            ^^^^^^^^^^^^^^^^^^^^^
  File "F:\pyprojects\Nx1\.venv\Lib\site-packages\social_core\backends\oauth.py", line 109, in validate_state
    raise AuthStateForbidden(self)
social_core.exceptions.AuthStateForbidden: Wrong state parameter given.
Internal Server Error: /auth/complete/google-oauth2/
Traceback (most recent call last):
  File "F:\pyprojects\Nx1\.venv\Lib\site-packages\django\core\handlers\exception.py", line 55, in inner
    response = get_response(request)
               ^^^^^^^^^^^^^^^^^^^^^
  File "F:\pyprojects\Nx1\.venv\Lib\site-packages\django\core\handlers\base.py", line 197, in _get_response
    response = wrapped_callback(request, *callback_args, **callback_kwargs)
               ^^^^^^^^^^^^^^^^^^^^^^^^^^^^^^^^^^^^^^^^^^^^^^^^^^^^^^^^^^^^
  File "F:\pyprojects\Nx1\.venv\Lib\site-packages\django\views\decorators\cache.py", line 80, in _view_wrapper
    response = view_func(request, *args, **kwargs)
               ^^^^^^^^^^^^^^^^^^^^^^^^^^^^^^^^^^^
  File "F:\pyprojects\Nx1\.venv\Lib\site-packages\django\views\decorators\csrf.py", line 65, in _view_wrapper
    return view_func(request, *args, **kwargs)
           ^^^^^^^^^^^^^^^^^^^^^^^^^^^^^^^^^^^
  File "F:\pyprojects\Nx1\.venv\Lib\site-packages\social_django\utils.py", line 43, in wrapper
    return func(request, backend, *args, **kwargs)
           ^^^^^^^^^^^^^^^^^^^^^^^^^^^^^^^^^^^^^^^
  File "F:\pyprojects\Nx1\.venv\Lib\site-packages\social_django\views.py", line 31, in complete
    return do_complete(
           ^^^^^^^^^^^^
  File "F:\pyprojects\Nx1\.venv\Lib\site-packages\social_core\actions.py", line 50, in do_complete
    user = backend.complete(user=user, redirect_name=redirect_name, *args, **kwargs)
           ^^^^^^^^^^^^^^^^^^^^^^^^^^^^^^^^^^^^^^^^^^^^^^^^^^^^^^^^^^^^^^^^^^^^^^^^^
  File "F:\pyprojects\Nx1\.venv\Lib\site-packages\social_core\backends\base.py", line 38, in complete
    return self.auth_complete(*args, **kwargs)
           ^^^^^^^^^^^^^^^^^^^^^^^^^^^^^^^^^^^
  File "F:\pyprojects\Nx1\.venv\Lib\site-packages\social_core\utils.py", line 226, in wrapper
    return func(*args, **kwargs)
           ^^^^^^^^^^^^^^^^^^^^^
  File "F:\pyprojects\Nx1\.venv\Lib\site-packages\social_core\backends\oauth.py", line 417, in auth_complete
    state = self.validate_state()
            ^^^^^^^^^^^^^^^^^^^^^
  File "F:\pyprojects\Nx1\.venv\Lib\site-packages\social_core\backends\oauth.py", line 109, in validate_state
    raise AuthStateForbidden(self)
social_core.exceptions.AuthStateForbidden: Wrong state parameter given.
Not Found: /chatbot/check_authentication/
Not Found: /chatbot/check_authentication/
Not Found: /chatbot/check_authentication/
Not Found: /chatbot/check_authentication/
F:\pyprojects\Nx1\CONVERSA\chatbot_auth\urls.py changed, reloading.
Watching for file changes with StatReloader
SpaCy model loaded successfully
F:\pyprojects\Nx1\CONVERSA\chatbot_auth\urls.py changed, reloading.
Watching for file changes with StatReloader
SpaCy model loaded successfully
F:\pyprojects\Nx1\CONVERSA\chatbot_auth\urls.py changed, reloading.
Watching for file changes with StatReloader
SpaCy model loaded successfully
F:\pyprojects\Nx1\CONVERSA\chatbot_auth\urls.py changed, reloading.
Watching for file changes with StatReloader
SpaCy model loaded successfully
F:\pyprojects\Nx1\CONVERSA\CONVERSA\urls.py changed, reloading.
Watching for file changes with StatReloader
SpaCy model loaded successfully
Internal Server Error: /
Traceback (most recent call last):
  File "F:\pyprojects\Nx1\.venv\Lib\site-packages\django\core\handlers\exception.py", line 55, in inner
    response = get_response(request)
               ^^^^^^^^^^^^^^^^^^^^^
  File "F:\pyprojects\Nx1\.venv\Lib\site-packages\django\core\handlers\base.py", line 197, in _get_response
    response = wrapped_callback(request, *callback_args, **callback_kwargs)
               ^^^^^^^^^^^^^^^^^^^^^^^^^^^^^^^^^^^^^^^^^^^^^^^^^^^^^^^^^^^^
  File "F:\pyprojects\Nx1\CONVERSA\chatbot_project\views.py", line 48, in homepage
    return render(request, 'chatbot/homepage.html', {'faqs': faqs})
           ^^^^^^^^^^^^^^^^^^^^^^^^^^^^^^^^^^^^^^^^^^^^^^^^^^^^^^^^
  File "F:\pyprojects\Nx1\.venv\Lib\site-packages\django\shortcuts.py", line 25, in render
    content = loader.render_to_string(template_name, context, request, using=using)
              ^^^^^^^^^^^^^^^^^^^^^^^^^^^^^^^^^^^^^^^^^^^^^^^^^^^^^^^^^^^^^^^^^^^^^
  File "F:\pyprojects\Nx1\.venv\Lib\site-packages\django\template\loader.py", line 62, in render_to_string
    return template.render(context, request)
           ^^^^^^^^^^^^^^^^^^^^^^^^^^^^^^^^^
  File "F:\pyprojects\Nx1\.venv\Lib\site-packages\django\template\backends\django.py", line 107, in render
    return self.template.render(context)
           ^^^^^^^^^^^^^^^^^^^^^^^^^^^^^
  File "F:\pyprojects\Nx1\.venv\Lib\site-packages\django\template\base.py", line 171, in render
    return self._render(context)
           ^^^^^^^^^^^^^^^^^^^^^
  File "F:\pyprojects\Nx1\.venv\Lib\site-packages\django\template\base.py", line 163, in _render
    return self.nodelist.render(context)
           ^^^^^^^^^^^^^^^^^^^^^^^^^^^^^
  File "F:\pyprojects\Nx1\.venv\Lib\site-packages\django\template\base.py", line 1008, in render
    return SafeString("".join([node.render_annotated(context) for node in self]))
                               ^^^^^^^^^^^^^^^^^^^^^^^^^^^^^^
  File "F:\pyprojects\Nx1\.venv\Lib\site-packages\django\template\base.py", line 969, in render_annotated
    return self.render(context)
           ^^^^^^^^^^^^^^^^^^^^
  File "F:\pyprojects\Nx1\.venv\Lib\site-packages\django\template\defaulttags.py", line 480, in render
    url = reverse(view_name, args=args, kwargs=kwargs, current_app=current_app)
          ^^^^^^^^^^^^^^^^^^^^^^^^^^^^^^^^^^^^^^^^^^^^^^^^^^^^^^^^^^^^^^^^^^^^^
  File "F:\pyprojects\Nx1\.venv\Lib\site-packages\django\urls\base.py", line 88, in reverse
    return resolver._reverse_with_prefix(view, prefix, *args, **kwargs)
           ^^^^^^^^^^^^^^^^^^^^^^^^^^^^^^^^^^^^^^^^^^^^^^^^^^^^^^^^^^^^
  File "F:\pyprojects\Nx1\.venv\Lib\site-packages\django\urls\resolvers.py", line 831, in _reverse_with_prefix
    raise NoReverseMatch(msg)
django.urls.exceptions.NoReverseMatch: Reverse for 'signup_signin' not found. 'signup_signin' is not a valid view function or pattern name.
Internal Server Error: /
Traceback (most recent call last):
  File "F:\pyprojects\Nx1\.venv\Lib\site-packages\django\core\handlers\exception.py", line 55, in inner
    response = get_response(request)
               ^^^^^^^^^^^^^^^^^^^^^
  File "F:\pyprojects\Nx1\.venv\Lib\site-packages\django\core\handlers\base.py", line 197, in _get_response
    response = wrapped_callback(request, *callback_args, **callback_kwargs)
               ^^^^^^^^^^^^^^^^^^^^^^^^^^^^^^^^^^^^^^^^^^^^^^^^^^^^^^^^^^^^
  File "F:\pyprojects\Nx1\CONVERSA\chatbot_project\views.py", line 48, in homepage
    return render(request, 'chatbot/homepage.html', {'faqs': faqs})
           ^^^^^^^^^^^^^^^^^^^^^^^^^^^^^^^^^^^^^^^^^^^^^^^^^^^^^^^^
  File "F:\pyprojects\Nx1\.venv\Lib\site-packages\django\shortcuts.py", line 25, in render
    content = loader.render_to_string(template_name, context, request, using=using)
              ^^^^^^^^^^^^^^^^^^^^^^^^^^^^^^^^^^^^^^^^^^^^^^^^^^^^^^^^^^^^^^^^^^^^^
  File "F:\pyprojects\Nx1\.venv\Lib\site-packages\django\template\loader.py", line 62, in render_to_string
    return template.render(context, request)
           ^^^^^^^^^^^^^^^^^^^^^^^^^^^^^^^^^
  File "F:\pyprojects\Nx1\.venv\Lib\site-packages\django\template\backends\django.py", line 107, in render
    return self.template.render(context)
           ^^^^^^^^^^^^^^^^^^^^^^^^^^^^^
  File "F:\pyprojects\Nx1\.venv\Lib\site-packages\django\template\base.py", line 171, in render
    return self._render(context)
           ^^^^^^^^^^^^^^^^^^^^^
  File "F:\pyprojects\Nx1\.venv\Lib\site-packages\django\template\base.py", line 163, in _render
    return self.nodelist.render(context)
           ^^^^^^^^^^^^^^^^^^^^^^^^^^^^^
  File "F:\pyprojects\Nx1\.venv\Lib\site-packages\django\template\base.py", line 1008, in render
    return SafeString("".join([node.render_annotated(context) for node in self]))
                               ^^^^^^^^^^^^^^^^^^^^^^^^^^^^^^
  File "F:\pyprojects\Nx1\.venv\Lib\site-packages\django\template\base.py", line 969, in render_annotated
    return self.render(context)
           ^^^^^^^^^^^^^^^^^^^^
  File "F:\pyprojects\Nx1\.venv\Lib\site-packages\django\template\defaulttags.py", line 480, in render
    url = reverse(view_name, args=args, kwargs=kwargs, current_app=current_app)
          ^^^^^^^^^^^^^^^^^^^^^^^^^^^^^^^^^^^^^^^^^^^^^^^^^^^^^^^^^^^^^^^^^^^^^
  File "F:\pyprojects\Nx1\.venv\Lib\site-packages\django\urls\base.py", line 88, in reverse
    return resolver._reverse_with_prefix(view, prefix, *args, **kwargs)
           ^^^^^^^^^^^^^^^^^^^^^^^^^^^^^^^^^^^^^^^^^^^^^^^^^^^^^^^^^^^^
  File "F:\pyprojects\Nx1\.venv\Lib\site-packages\django\urls\resolvers.py", line 831, in _reverse_with_prefix
    raise NoReverseMatch(msg)
django.urls.exceptions.NoReverseMatch: Reverse for 'signup_signin' not found. 'signup_signin' is not a valid view function or pattern name.
Not Found: /chatbot/check_authentication/
Not Found: /chatbot/check_authentication/
Not Found: /auth/auth/
F:\pyprojects\Nx1\CONVERSA\chatbot_auth\views.py changed, reloading.
Watching for file changes with StatReloader
SpaCy model loaded successfully
Not Found: /chatbot/check_authentication/
Not Found: /chatbot/check_authentication/
F:\pyprojects\Nx1\CONVERSA\chatbot_auth\views.py changed, reloading.
Watching for file changes with StatReloader
SpaCy model loaded successfully
F:\pyprojects\Nx1\CONVERSA\chatbot_auth\urls.py changed, reloading.
Watching for file changes with StatReloader
SpaCy model loaded successfully
F:\pyprojects\Nx1\CONVERSA\CONVERSA\urls.py changed, reloading.
Watching for file changes with StatReloader
SpaCy model loaded successfully
Not Found: /chatbot/check_authentication/
Not Found: /chatbot/check_authentication/
Current context: {'greeting_sent': False}
Processing query: why is the app crashing?, is_voice=False
Comparing 'why is the app crashing?' with FAQ 'Payment Queries': Matching words = set(), Score = 0
Comparing 'why is the app crashing?' with FAQ 'Technical Support': Matching words = set(), Score = 0
Comparing 'why is the app crashing?' with FAQ 'Why is the app crashing?': Matching words = {'app', 'is', 'crashing?', 'the', 'why'}, Score = 11
Comparing 'why is the app crashing?' with FAQ 'How do I update the app?': Matching words = {'the'}, Score = 2
Comparing 'why is the app crashing?' with FAQ 'Account Management': Matching words = set(), Score = 0
Comparing 'why is the app crashing?' with FAQ 'How do I reset my password?': Matching words = set(), Score = 0
Comparing 'why is the app crashing?' with FAQ 'How do I update my profile information?': Matching words = set(), Score = 0
Comparing 'why is the app crashing?' with FAQ 'Why was my payment declined?': Matching words = {'why'}, Score = 2
Comparing 'why is the app crashing?' with FAQ 'Hello': Matching words = set(), Score = 0
Matched FAQ: 'Why is the app crashing?' with score 11
Chatbot response: Try restarting the app. If the issue persists, ensure you have the latest version installed or contact support., Matched FAQ: Why is the app crashing?
Response data: {'response': 'Try restarting the app. If the issue persists, ensure you have the latest version installed or contact support.'}
Current context: {'greeting_sent': False}
Processing query: how do i update the app?, is_voice=False
Comparing 'how do i update the app?' with FAQ 'Payment Queries': Matching words = set(), Score = 0
Comparing 'how do i update the app?' with FAQ 'Technical Support': Matching words = set(), Score = 0
Comparing 'how do i update the app?' with FAQ 'Why is the app crashing?': Matching words = {'the'}, Score = 2
Comparing 'how do i update the app?' with FAQ 'How do I update the app?': Matching words = {'i', 'the', 'app?', 'do', 'how', 'update'}, Score = 11
Comparing 'how do i update the app?' with FAQ 'Account Management': Matching words = set(), Score = 0
Comparing 'how do i update the app?' with FAQ 'How do I reset my password?': Matching words = {'i', 'how', 'do'}, Score = 4
Comparing 'how do i update the app?' with FAQ 'How do I update my profile information?': Matching words = {'i', 'how', 'do', 'update'}, Score = 7
Comparing 'how do i update the app?' with FAQ 'Why was my payment declined?': Matching words = set(), Score = 0
Comparing 'how do i update the app?' with FAQ 'Hello': Matching words = set(), Score = 0
Matched FAQ: 'How do I update the app?' with score 11
Chatbot response: Go to your app store, search for our app, and click 'Update' if available., Matched FAQ: How do I update the app?
Response data: {'response': "Go to your app store, search for our app, and click 'Update' if available."}
Current context: {'greeting_sent': False}
Processing query: why was my payment declined?, is_voice=False
Comparing 'why was my payment declined?' with FAQ 'Payment Queries': Matching words = {'payment'}, Score = 3
Comparing 'why was my payment declined?' with FAQ 'Technical Support': Matching words = set(), Score = 0
Comparing 'why was my payment declined?' with FAQ 'Why is the app crashing?': Matching words = {'why'}, Score = 2
Comparing 'why was my payment declined?' with FAQ 'How do I update the app?': Matching words = set(), Score = 0
Comparing 'why was my payment declined?' with FAQ 'Account Management': Matching words = set(), Score = 0
Comparing 'why was my payment declined?' with FAQ 'How do I reset my password?': Matching words = {'my'}, Score = 2
Comparing 'why was my payment declined?' with FAQ 'How do I update my profile information?': Matching words = {'my'}, Score = 2
Comparing 'why was my payment declined?' with FAQ 'Why was my payment declined?': Matching words = {'payment', 'my', 'why', 'was', 'declined?'}, Score = 11
Comparing 'why was my payment declined?' with FAQ 'Hello': Matching words = set(), Score = 0
Matched FAQ: 'Why was my payment declined?' with score 11
Chatbot response: Ensure your card details are correct and funds are sufficient. Contact your bank or try another payment method., Matched FAQ: Why was my payment declined?
Response data: {'response': 'Ensure your card details are correct and funds are sufficient. Contact your bank or try another payment method.'}
Starting new HTTPS connection (1): accounts.google.com:443
https://accounts.google.com:443 "POST /o/oauth2/token HTTP/1.1" 200 None
Starting new HTTPS connection (1): www.googleapis.com:443
https://www.googleapis.com:443 "GET /oauth2/v3/userinfo HTTP/1.1" 200 None
Pipeline step called for backend: <social_core.backends.google.GoogleOAuth2 object at 0x00000298EAA98350>, uid: nisarg.04.v@gmail.com
Found existing user: dummy2
Conflict detected: Current user v040305 differs from existing user dummy2
Logged out current user to proceed with Google login
Not Found: /chatbot-auth/signup_signin/
Starting new HTTPS connection (1): accounts.google.com:443
https://accounts.google.com:443 "POST /o/oauth2/token HTTP/1.1" 200 None
Starting new HTTPS connection (1): www.googleapis.com:443
https://www.googleapis.com:443 "GET /oauth2/v3/userinfo HTTP/1.1" 200 None
Pipeline step called for backend: <social_core.backends.google.GoogleOAuth2 object at 0x00000298EAD1EC30>, uid: nisargvakharia92@gmail.com
Found existing user: v040305
No user logged in; proceeding with existing user login
Not Found: /chatbot/check_authentication/
Not Found: /chatbot/check_authentication/
Not Found: /chatbot/check_authentication/
Authenticated user: v040305, first_name: Nisarg
Sending greeting: Good evening, Nisarg! How can I assist you with your FAQs today?
Not Found: /chatbot/check_authentication/
Not Found: /chatbot/check_authentication/
Response data: {}
Not Found: /chatbot/check_authentication/
Response data: {}
Not Found: /chatbot/check_authentication/
Not Found: /chatbot/check_authentication/
Not Found: /chatbot/check_authentication/
Not Found: /chatbot/check_authentication/
Not Found: /chatbot/check_authentication/
Not Found: /chatbot/check_authentication/
Not Found: /chatbot/check_authentication/
Not Found: /chatbot/check_authentication/
Not Found: /chatbot/check_authentication/
Not Found: /chatbot/check_authentication/
Not Found: /chatbot/check_authentication/
Not Found: /chatbot/check_authentication/
Not Found: /chatbot/check_authentication/
Not Found: /chatbot/check_authentication/
Not Found: /chatbot/check_authentication/
Not Found: /chatbot/check_authentication/
Not Found: /chatbot/check_authentication/
Not Found: /chatbot/check_authentication/
Not Found: /chatbot/check_authentication/
Not Found: /chatbot/check_authentication/
Not Found: /chatbot/check_authentication/
Not Found: /chatbot/check_authentication/
Not Found: /chatbot/check_authentication/
Not Found: /chatbot/check_authentication/
Not Found: /chatbot/check_authentication/
Not Found: /chatbot/check_authentication/
Not Found: /chatbot/check_authentication/
Response data: {}
Not Found: /chatbot/check_authentication/
Response data: {}
Watching for file changes with StatReloader
SpaCy model loaded successfully
Not Found: /chatbot/check_authentication/
Response data: {}
Not Found: /chatbot/check_authentication/
Response data: {}
Not Found: /chatbot/check_authentication/
Authenticated user: v040305, first_name: Nisarg
Sending greeting: Good evening, Nisarg! How can I assist you with your FAQs today?
Not Found: /chatbot/check_authentication/
Response data: {}
Not Found: /chatbot/check_authentication/
Sending greeting: Good evening, Guest! How can I assist you with your FAQs today?
Not Found: /favicon.ico
Starting new HTTPS connection (1): accounts.google.com:443
https://accounts.google.com:443 "POST /o/oauth2/token HTTP/1.1" 200 None
Starting new HTTPS connection (1): www.googleapis.com:443
https://www.googleapis.com:443 "GET /oauth2/v3/userinfo HTTP/1.1" 200 None
Pipeline step called for backend: <social_core.backends.google.GoogleOAuth2 object at 0x000002547CE086B0>, uid: nisargvakharia.bca2022@iar.ac.in
Found existing user: v040305
No user logged in; proceeding with existing user login
Not Found: /chatbot/check_authentication/
Response data: {}
Not Found: /chatbot/check_authentication/
Not Found: /chatbot/check_authentication/
Not Found: /chatbot/check_authentication/
Not Found: /chatbot/check_authentication/
Response data: {}
Checking authentication for user: v040305
Response data: {}
Checking authentication for user: v040305
Response data: {}
Starting new HTTPS connection (1): accounts.google.com:443
https://accounts.google.com:443 "POST /o/oauth2/token HTTP/1.1" 200 None
Starting new HTTPS connection (1): www.googleapis.com:443
https://www.googleapis.com:443 "GET /oauth2/v3/userinfo HTTP/1.1" 200 None
Pipeline step called for backend: <social_core.backends.google.GoogleOAuth2 object at 0x000002546A1E2390>, uid: nisargvakharia.bca2022@iar.ac.in
Found existing user: v040305
Same user logged in; proceeding
Checking authentication for user: v040305
Response data: {}
Checking authentication for user: AnonymousUser
Response data: {}
Not Found: /favicon.ico
Checking authentication for user: v040305
Response data: {}
Checking authentication for user: v040305
Response data: {}
Not Found: /favicon.ico
F:\pyprojects\Nx1\CONVERSA\chatbot_project\views.py changed, reloading.
Watching for file changes with StatReloader
SpaCy model loaded successfully
Not Found: /cdn-cgi/scripts/5c5dd728/cloudflare-static/email-decode.min.js
Checking authentication for user: v040305
Not Found: /cdn-cgi/scripts/5c5dd728/cloudflare-static/email-decode.min.js
Checking authentication for user: v040305
Not Found: /cdn-cgi/scripts/5c5dd728/cloudflare-static/email-decode.min.js
Checking authentication for user: v040305
Current context: {'greeting_sent': True}
Processing query: hi, is_voice=False
Chatbot response: Hello! How can I assist you today?, Matched FAQ: None
Failed to log query: cannot access local variable 'session_key' where it is not associated with a value
Response data: {'response': 'Hello! How can I assist you today?'}
Current context: {'greeting_sent': True}
Processing query: account management, is_voice=False
Comparing 'account management' with FAQ 'Payment Queries': Matching words = set(), Score = 0
Comparing 'account management' with FAQ 'Technical Support': Matching words = set(), Score = 0
Comparing 'account management' with FAQ 'Why is the app crashing?': Matching words = set(), Score = 0
Comparing 'account management' with FAQ 'How do I update the app?': Matching words = set(), Score = 0
Comparing 'account management' with FAQ 'Account Management': Matching words = {'account', 'management'}, Score = 5
Comparing 'account management' with FAQ 'How do I reset my password?': Matching words = set(), Score = 0
Comparing 'account management' with FAQ 'How do I update my profile information?': Matching words = set(), Score = 0
Comparing 'account management' with FAQ 'Why was my payment declined?': Matching words = set(), Score = 0
Comparing 'account management' with FAQ 'Hello': Matching words = set(), Score = 0
Matched FAQ: 'Account Management' with score 5
Chatbot response: {'sub_faqs': [{'question': 'How do I reset my password?'}, {'question': 'How do I update my profile information?'}]}, Matched FAQ: Account Management
Response data: {'sub_faqs': [{'question': 'How do I reset my password?'}, {'question': 'How do I update my profile information?'}]}
Current context: {'greeting_sent': True}
Processing query: how do i reset my password?, is_voice=False
Comparing 'how do i reset my password?' with FAQ 'Payment Queries': Matching words = set(), Score = 0
Comparing 'how do i reset my password?' with FAQ 'Technical Support': Matching words = set(), Score = 0
Comparing 'how do i reset my password?' with FAQ 'Why is the app crashing?': Matching words = set(), Score = 0
Comparing 'how do i reset my password?' with FAQ 'How do I update the app?': Matching words = {'how', 'i', 'do'}, Score = 4
Comparing 'how do i reset my password?' with FAQ 'Account Management': Matching words = set(), Score = 0
Comparing 'how do i reset my password?' with FAQ 'How do I reset my password?': Matching words = {'my', 'i', 'how', 'reset', 'password?', 'do'}, Score = 10
Comparing 'how do i reset my password?' with FAQ 'How do I update my profile information?': Matching words = {'my', 'how', 'i', 'do'}, Score = 6
Comparing 'how do i reset my password?' with FAQ 'Why was my payment declined?': Matching words = {'my'}, Score = 2
Comparing 'how do i reset my password?' with FAQ 'Hello': Matching words = set(), Score = 0
Matched FAQ: 'How do I reset my password?' with score 10
Chatbot response: Click 'Forgot Password' on the login page, enter your email, and follow the instructions sent to your inbox., Matched FAQ: How do I reset my password?
Response data: {'response': "Click 'Forgot Password' on the login page, enter your email, and follow the instructions sent to your inbox."}
Starting new HTTPS connection (1): accounts.google.com:443
https://accounts.google.com:443 "POST /o/oauth2/token HTTP/1.1" 200 None
Starting new HTTPS connection (1): www.googleapis.com:443
https://www.googleapis.com:443 "GET /oauth2/v3/userinfo HTTP/1.1" 200 None
Pipeline step called for backend: <social_core.backends.google.GoogleOAuth2 object at 0x00000204FBE8AD20>, uid: nisargvakharia92@gmail.com
Found existing user: v040305
Same user logged in; proceeding
Not Found: /cdn-cgi/scripts/5c5dd728/cloudflare-static/email-decode.min.js
Checking authentication for user: v040305
Not Found: /cdn-cgi/scripts/5c5dd728/cloudflare-static/email-decode.min.js
Checking authentication for user: AnonymousUser
Not Found: /chatbot-auth/signup_signin/
Not Found: /favicon.ico
Not Found: /cdn-cgi/scripts/5c5dd728/cloudflare-static/email-decode.min.js
Not Found: /chatbot/check_authentication/
Not Found: /chatbot/check_authentication/
Not Found: /chatbot/check_authentication/
Not Found: /cdn-cgi/scripts/5c5dd728/cloudflare-static/email-decode.min.js
Not Found: /chatbot/check_authentication/
Not Found: /chatbot/check_authentication/
Not Found: /chatbot/check_authentication/
Not Found: /cdn-cgi/scripts/5c5dd728/cloudflare-static/email-decode.min.js
Not Found: /chatbot/check_authentication/
Not Found: /chatbot/check_authentication/
Not Found: /chatbot/check_authentication/
Not Found: /favicon.ico
Not Found: /cdn-cgi/scripts/5c5dd728/cloudflare-static/email-decode.min.js
Not Found: /chatbot/check_authentication/
Not Found: /chatbot/check_authentication/
Not Found: /chatbot/check_authentication/
Current context: {'greeting_sent': False}
Processing query: payment queries, is_voice=True
Voice similarity for 'payment queries' with FAQ 'Payment Queries': Similarity = 1.0, Score = 10.0
Voice similarity for 'payment queries' with FAQ 'Technical Support': Similarity = 0.38849061727523804, Score = 3.8849061727523804
Voice similarity for 'payment queries' with FAQ 'Why is the app crashing?': Similarity = 0.31397584080696106, Score = 3.1397584080696106
Voice similarity for 'payment queries' with FAQ 'How do I update the app?': Similarity = 0.3814360201358795, Score = 3.814360201358795
Voice similarity for 'payment queries' with FAQ 'Account Management': Similarity = 0.5812012553215027, Score = 5.812012553215027
Voice similarity for 'payment queries' with FAQ 'How do I reset my password?': Similarity = 0.39103201031684875, Score = 3.9103201031684875
Voice similarity for 'payment queries' with FAQ 'How do I update my profile information?': Similarity = 0.41194671392440796, Score = 4.11946713924408
Voice similarity for 'payment queries' with FAQ 'Why was my payment declined?': Similarity = 0.5077415108680725, Score = 5.077415108680725
Voice similarity for 'payment queries' with FAQ 'Hello': Similarity = 0.16874413192272186, Score = 1.6874413192272186
Matched FAQ: 'Payment Queries' with score 10.0
Chatbot response: {'sub_faqs': [{'question': 'Why was my payment declined?'}]}, Matched FAQ: Payment Queries
Response data: {'sub_faqs': [{'question': 'Why was my payment declined?'}]}
Current context: {'greeting_sent': False}
Processing query: payment queries, is_voice=True
Voice similarity for 'payment queries' with FAQ 'Payment Queries': Similarity = 1.0, Score = 10.0
Voice similarity for 'payment queries' with FAQ 'Technical Support': Similarity = 0.38849061727523804, Score = 3.8849061727523804
Voice similarity for 'payment queries' with FAQ 'Why is the app crashing?': Similarity = 0.31397584080696106, Score = 3.1397584080696106
Voice similarity for 'payment queries' with FAQ 'How do I update the app?': Similarity = 0.3814360201358795, Score = 3.814360201358795
Voice similarity for 'payment queries' with FAQ 'Account Management': Similarity = 0.5812012553215027, Score = 5.812012553215027
Voice similarity for 'payment queries' with FAQ 'How do I reset my password?': Similarity = 0.39103201031684875, Score = 3.9103201031684875
Voice similarity for 'payment queries' with FAQ 'How do I update my profile information?': Similarity = 0.41194671392440796, Score = 4.11946713924408
Voice similarity for 'payment queries' with FAQ 'Why was my payment declined?': Similarity = 0.5077415108680725, Score = 5.077415108680725
Voice similarity for 'payment queries' with FAQ 'Hello': Similarity = 0.16874413192272186, Score = 1.6874413192272186
Matched FAQ: 'Payment Queries' with score 10.0
Chatbot response: {'sub_faqs': [{'question': 'Why was my payment declined?'}]}, Matched FAQ: Payment Queries
Response data: {'sub_faqs': [{'question': 'Why was my payment declined?'}]}
Not Found: /cdn-cgi/scripts/5c5dd728/cloudflare-static/email-decode.min.js
Not Found: /chatbot/check_authentication/
Not Found: /chatbot/check_authentication/
Not Found: /chatbot/check_authentication/
Watching for file changes with StatReloader
SpaCy model loaded successfully
Not Found: /cdn-cgi/scripts/5c5dd728/cloudflare-static/email-decode.min.js
Not Found: /chatbot/check_authentication/
Not Found: /chatbot/check_authentication/
Not Found: /chatbot/check_authentication/
Not Found: /cdn-cgi/scripts/5c5dd728/cloudflare-static/email-decode.min.js
Not Found: /chatbot/check_authentication/
Not Found: /chatbot/check_authentication/
Not Found: /chatbot/check_authentication/
Starting new HTTPS connection (1): accounts.google.com:443
https://accounts.google.com:443 "POST /o/oauth2/token HTTP/1.1" 200 None
Starting new HTTPS connection (1): www.googleapis.com:443
https://www.googleapis.com:443 "GET /oauth2/v3/userinfo HTTP/1.1" 200 None
Pipeline step called for backend: <social_core.backends.google.GoogleOAuth2 object at 0x00000195E51741A0>, uid: nisargvakharia92@gmail.com
Found existing user: v040305
Same user logged in; proceeding
Not Found: /favicon.ico
Not Found: /cdn-cgi/scripts/5c5dd728/cloudflare-static/email-decode.min.js
Not Found: /chatbot/check_authentication/
Not Found: /chatbot/check_authentication/
Not Found: /chatbot/check_authentication/
Not Found: /cdn-cgi/scripts/5c5dd728/cloudflare-static/email-decode.min.js
Not Found: /chatbot/check_authentication/
Not Found: /chatbot/check_authentication/
Not Found: /chatbot/check_authentication/
Not Found: /cdn-cgi/scripts/5c5dd728/cloudflare-static/email-decode.min.js
Not Found: /chatbot/check_authentication/
Not Found: /chatbot/check_authentication/
Not Found: /chatbot/check_authentication/
Not Found: /cdn-cgi/scripts/5c5dd728/cloudflare-static/email-decode.min.js
Not Found: /chatbot/check_authentication/
Not Found: /chatbot/check_authentication/
Not Found: /chatbot/check_authentication/
Not Found: /cdn-cgi/scripts/5c5dd728/cloudflare-static/email-decode.min.js
Not Found: /chatbot/check_authentication/
Not Found: /chatbot/check_authentication/
Not Found: /chatbot/check_authentication/
Not Found: /cdn-cgi/scripts/5c5dd728/cloudflare-static/email-decode.min.js
Not Found: /chatbot/check_authentication/
Not Found: /chatbot/check_authentication/
Not Found: /chatbot/check_authentication/
Not Found: /cdn-cgi/scripts/5c5dd728/cloudflare-static/email-decode.min.js
Not Found: /chatbot/check_authentication/
Not Found: /chatbot/check_authentication/
Not Found: /chatbot/check_authentication/
Starting new HTTPS connection (1): accounts.google.com:443
https://accounts.google.com:443 "POST /o/oauth2/token HTTP/1.1" 200 None
Starting new HTTPS connection (1): www.googleapis.com:443
https://www.googleapis.com:443 "GET /oauth2/v3/userinfo HTTP/1.1" 200 None
Pipeline step called for backend: <social_core.backends.google.GoogleOAuth2 object at 0x00000195B9757440>, uid: nisargvakharia92@gmail.com
Found existing user: v040305
Same user logged in; proceeding
Not Found: /favicon.ico
Not Found: /cdn-cgi/scripts/5c5dd728/cloudflare-static/email-decode.min.js
Not Found: /chatbot/check_authentication/
Not Found: /chatbot/check_authentication/
Not Found: /chatbot/check_authentication/
Not Found: /cdn-cgi/scripts/5c5dd728/cloudflare-static/email-decode.min.js
Not Found: /chatbot/check_authentication/
Not Found: /chatbot/check_authentication/
Not Found: /chatbot/check_authentication/
Watching for file changes with StatReloader
SpaCy model loaded successfully
Not Found: /cdn-cgi/scripts/5c5dd728/cloudflare-static/email-decode.min.js
Not Found: /chatbot/check_authentication/
Not Found: /chatbot/check_authentication/
Not Found: /chatbot/check_authentication/
Not Found: /favicon.ico
Watching for file changes with StatReloader
SpaCy model loaded successfully
Not Found: /cdn-cgi/scripts/5c5dd728/cloudflare-static/email-decode.min.js
Not Found: /chatbot/check_authentication/
Not Found: /chatbot/check_authentication/
Not Found: /chatbot/check_authentication/
Current context: {'greeting_sent': False}
Processing query: why was my payment declined?, is_voice=False
Comparing 'why was my payment declined?' with FAQ 'Payment Queries': Matching words = {'payment'}, Score = 3
Comparing 'why was my payment declined?' with FAQ 'Technical Support': Matching words = set(), Score = 0
Comparing 'why was my payment declined?' with FAQ 'Why is the app crashing?': Matching words = {'why'}, Score = 2
Comparing 'why was my payment declined?' with FAQ 'How do I update the app?': Matching words = set(), Score = 0
Comparing 'why was my payment declined?' with FAQ 'Account Management': Matching words = set(), Score = 0
Comparing 'why was my payment declined?' with FAQ 'How do I reset my password?': Matching words = {'my'}, Score = 2
Comparing 'why was my payment declined?' with FAQ 'How do I update my profile information?': Matching words = {'my'}, Score = 2
Comparing 'why was my payment declined?' with FAQ 'Why was my payment declined?': Matching words = {'declined?', 'my', 'payment', 'why', 'was'}, Score = 11
Comparing 'why was my payment declined?' with FAQ 'Hello': Matching words = set(), Score = 0
Matched FAQ: 'Why was my payment declined?' with score 11
Chatbot response: Ensure your card details are correct and funds are sufficient. Contact your bank or try another payment method., Matched FAQ: Why was my payment declined?
Response data: {'response': 'Ensure your card details are correct and funds are sufficient. Contact your bank or try another payment method.'}
Not Found: /chatbot-auth/signup_signin/
Not Found: /favicon.ico
Starting new HTTPS connection (1): accounts.google.com:443
https://accounts.google.com:443 "POST /o/oauth2/token HTTP/1.1" 200 None
Starting new HTTPS connection (1): www.googleapis.com:443
https://www.googleapis.com:443 "GET /oauth2/v3/userinfo HTTP/1.1" 200 None
Pipeline step called for backend: <social_core.backends.google.GoogleOAuth2 object at 0x0000017C44A98860>, uid: nisarg.04.v@gmail.com
Found existing user: dummy2
No user logged in; proceeding with existing user login
Watching for file changes with StatReloader
SpaCy model loaded successfully
Not Found: /cdn-cgi/scripts/5c5dd728/cloudflare-static/email-decode.min.js
Not Found: /chatbot/check_authentication/
Not Found: /chatbot/check_authentication/
Not Found: /chatbot/check_authentication/
Current context: {'greeting_sent': False}
Processing query: why was my payment declined?, is_voice=False
Comparing 'why was my payment declined?' with FAQ 'Payment Queries': Matching words = {'payment'}, Score = 3
Comparing 'why was my payment declined?' with FAQ 'Technical Support': Matching words = set(), Score = 0
Comparing 'why was my payment declined?' with FAQ 'Why is the app crashing?': Matching words = {'why'}, Score = 2
Comparing 'why was my payment declined?' with FAQ 'How do I update the app?': Matching words = set(), Score = 0
Comparing 'why was my payment declined?' with FAQ 'Account Management': Matching words = set(), Score = 0
Comparing 'why was my payment declined?' with FAQ 'How do I reset my password?': Matching words = {'my'}, Score = 2
Comparing 'why was my payment declined?' with FAQ 'How do I update my profile information?': Matching words = {'my'}, Score = 2
Comparing 'why was my payment declined?' with FAQ 'Why was my payment declined?': Matching words = {'declined?', 'was', 'why', 'my', 'payment'}, Score = 11
Comparing 'why was my payment declined?' with FAQ 'Hello': Matching words = set(), Score = 0
Matched FAQ: 'Why was my payment declined?' with score 11
Chatbot response: Ensure your card details are correct and funds are sufficient. Contact your bank or try another payment method., Matched FAQ: Why was my payment declined?
Response data: {'response': 'Ensure your card details are correct and funds are sufficient. Contact your bank or try another payment method.'}
Starting new HTTPS connection (1): accounts.google.com:443
https://accounts.google.com:443 "POST /o/oauth2/token HTTP/1.1" 200 None
Starting new HTTPS connection (1): www.googleapis.com:443
https://www.googleapis.com:443 "GET /oauth2/v3/userinfo HTTP/1.1" 200 None
Pipeline step called for backend: <social_core.backends.google.GoogleOAuth2 object at 0x000001F0DE252510>, uid: nisargvakharia92@gmail.com
Found existing user: v040305
No user logged in; proceeding with existing user login
Not Found: /favicon.ico
Not Found: /cdn-cgi/scripts/5c5dd728/cloudflare-static/email-decode.min.js
Not Found: /chatbot/check_authentication/
Not Found: /chatbot/check_authentication/
Not Found: /chatbot/check_authentication/
Starting new HTTPS connection (1): accounts.google.com:443
https://accounts.google.com:443 "POST /o/oauth2/token HTTP/1.1" 200 None
Starting new HTTPS connection (1): www.googleapis.com:443
https://www.googleapis.com:443 "GET /oauth2/v3/userinfo HTTP/1.1" 200 None
Pipeline step called for backend: <social_core.backends.google.GoogleOAuth2 object at 0x000001F0B13A30B0>, uid: nisarg.04.v@gmail.com
Found existing user: dummy2
Conflict detected: Current user v040305 differs from existing user dummy2
Logged out current user to proceed with Google login
Not Found: /chatbot-auth/signup_signin/
Internal Server Error: /auth/complete/google-oauth2/
Traceback (most recent call last):
  File "F:\pyprojects\Nx1\.venv\Lib\site-packages\django\core\handlers\exception.py", line 55, in inner
    response = get_response(request)
               ^^^^^^^^^^^^^^^^^^^^^
  File "F:\pyprojects\Nx1\.venv\Lib\site-packages\django\core\handlers\base.py", line 197, in _get_response
    response = wrapped_callback(request, *callback_args, **callback_kwargs)
               ^^^^^^^^^^^^^^^^^^^^^^^^^^^^^^^^^^^^^^^^^^^^^^^^^^^^^^^^^^^^
  File "F:\pyprojects\Nx1\.venv\Lib\site-packages\django\views\decorators\cache.py", line 80, in _view_wrapper
    response = view_func(request, *args, **kwargs)
               ^^^^^^^^^^^^^^^^^^^^^^^^^^^^^^^^^^^
  File "F:\pyprojects\Nx1\.venv\Lib\site-packages\django\views\decorators\csrf.py", line 65, in _view_wrapper
    return view_func(request, *args, **kwargs)
           ^^^^^^^^^^^^^^^^^^^^^^^^^^^^^^^^^^^
  File "F:\pyprojects\Nx1\.venv\Lib\site-packages\social_django\utils.py", line 43, in wrapper
    return func(request, backend, *args, **kwargs)
           ^^^^^^^^^^^^^^^^^^^^^^^^^^^^^^^^^^^^^^^
  File "F:\pyprojects\Nx1\.venv\Lib\site-packages\social_django\views.py", line 31, in complete
    return do_complete(
           ^^^^^^^^^^^^
  File "F:\pyprojects\Nx1\.venv\Lib\site-packages\social_core\actions.py", line 50, in do_complete
    user = backend.complete(user=user, redirect_name=redirect_name, *args, **kwargs)
           ^^^^^^^^^^^^^^^^^^^^^^^^^^^^^^^^^^^^^^^^^^^^^^^^^^^^^^^^^^^^^^^^^^^^^^^^^
  File "F:\pyprojects\Nx1\.venv\Lib\site-packages\social_core\backends\base.py", line 38, in complete
    return self.auth_complete(*args, **kwargs)
           ^^^^^^^^^^^^^^^^^^^^^^^^^^^^^^^^^^^
  File "F:\pyprojects\Nx1\.venv\Lib\site-packages\social_core\utils.py", line 226, in wrapper
    return func(*args, **kwargs)
           ^^^^^^^^^^^^^^^^^^^^^
  File "F:\pyprojects\Nx1\.venv\Lib\site-packages\social_core\backends\oauth.py", line 417, in auth_complete
    state = self.validate_state()
            ^^^^^^^^^^^^^^^^^^^^^
  File "F:\pyprojects\Nx1\.venv\Lib\site-packages\social_core\backends\oauth.py", line 107, in validate_state
    raise AuthStateMissing(self, "state")
social_core.exceptions.AuthStateMissing: Session value state missing.
Not Found: /chatbot-auth/signup_signin/
Starting new HTTPS connection (1): accounts.google.com:443
https://accounts.google.com:443 "POST /o/oauth2/token HTTP/1.1" 200 None
Starting new HTTPS connection (1): www.googleapis.com:443
https://www.googleapis.com:443 "GET /oauth2/v3/userinfo HTTP/1.1" 200 None
Pipeline step called for backend: <social_core.backends.google.GoogleOAuth2 object at 0x000001F0DE273F50>, uid: nisargvakharia92@gmail.com
Found existing user: v040305
No user logged in; proceeding with existing user login
Not Found: /cdn-cgi/scripts/5c5dd728/cloudflare-static/email-decode.min.js
Not Found: /chatbot/check_authentication/
Not Found: /chatbot/check_authentication/
Not Found: /chatbot/check_authentication/
Current context: {'greeting_sent': False}
Processing query: why did my app crash?, is_voice=False
Comparing 'why did my app crash?' with FAQ 'Payment Queries': Matching words = set(), Score = 0
Comparing 'why did my app crash?' with FAQ 'Technical Support': Matching words = set(), Score = 0
Comparing 'why did my app crash?' with FAQ 'Why is the app crashing?': Matching words = {'app', 'why'}, Score = 5
Comparing 'why did my app crash?' with FAQ 'How do I update the app?': Matching words = set(), Score = 0
Comparing 'why did my app crash?' with FAQ 'Account Management': Matching words = set(), Score = 0
Comparing 'why did my app crash?' with FAQ 'How do I reset my password?': Matching words = {'my'}, Score = 2
Comparing 'why did my app crash?' with FAQ 'How do I update my profile information?': Matching words = {'my'}, Score = 2
Comparing 'why did my app crash?' with FAQ 'Why was my payment declined?': Matching words = {'why', 'my'}, Score = 4
Comparing 'why did my app crash?' with FAQ 'Hello': Matching words = set(), Score = 0
Comparing 'why did my app crash?' with FAQ 'Why did my application crash ?': Matching words = {'why', 'did', 'my'}, Score = 6
Matched FAQ: 'Why did my application crash ?' with score 6
Chatbot response: The application crashed due to environment issues ., Matched FAQ: Why did my application crash ?
Response data: {'response': 'The application crashed due to environment issues .'}
Current context: {'greeting_sent': False}
Processing query: why did my app crash, is_voice=False
Comparing 'why did my app crash' with FAQ 'Payment Queries': Matching words = set(), Score = 0
Comparing 'why did my app crash' with FAQ 'Technical Support': Matching words = set(), Score = 0
Comparing 'why did my app crash' with FAQ 'Why is the app crashing?': Matching words = {'app', 'why'}, Score = 5
Comparing 'why did my app crash' with FAQ 'How do I update the app?': Matching words = set(), Score = 0
Comparing 'why did my app crash' with FAQ 'Account Management': Matching words = set(), Score = 0
Comparing 'why did my app crash' with FAQ 'How do I reset my password?': Matching words = {'my'}, Score = 2
Comparing 'why did my app crash' with FAQ 'How do I update my profile information?': Matching words = {'my'}, Score = 2
Comparing 'why did my app crash' with FAQ 'Why was my payment declined?': Matching words = {'why', 'my'}, Score = 4
Comparing 'why did my app crash' with FAQ 'Hello': Matching words = set(), Score = 0
Comparing 'why did my app crash' with FAQ 'Why did my application crash ?': Matching words = {'crash', 'why', 'did', 'my'}, Score = 8
Matched FAQ: 'Why did my application crash ?' with score 8
Chatbot response: The application crashed due to environment issues ., Matched FAQ: Why did my application crash ?
Response data: {'response': 'The application crashed due to environment issues .'}
Current context: {'greeting_sent': False}
Processing query: why did my app crash, is_voice=True
Voice similarity for 'why did my app crash' with FAQ 'Payment Queries': Similarity = 0.2814870774745941, Score = 2.814870774745941
Voice similarity for 'why did my app crash' with FAQ 'Technical Support': Similarity = 0.42045649886131287, Score = 4.204564988613129
Voice similarity for 'why did my app crash' with FAQ 'Why is the app crashing?': Similarity = 0.8854539394378662, Score = 8.854539394378662
Voice similarity for 'why did my app crash' with FAQ 'How do I update the app?': Similarity = 0.887233316898346, Score = 8.87233316898346
Voice similarity for 'why did my app crash' with FAQ 'Account Management': Similarity = 0.4695513844490051, Score = 4.695513844490051
Voice similarity for 'why did my app crash' with FAQ 'How do I reset my password?': Similarity = 0.8151865601539612, Score = 8.151865601539612
Voice similarity for 'why did my app crash' with FAQ 'How do I update my profile information?': Similarity = 0.8303951621055603, Score = 8.303951621055603
Voice similarity for 'why did my app crash' with FAQ 'Why was my payment declined?': Similarity = 0.7849406599998474, Score = 7.849406599998474
Voice similarity for 'why did my app crash' with FAQ 'Hello': Similarity = 0.4330040216445923, Score = 4.330040216445923
Voice similarity for 'why did my app crash' with FAQ 'Why did my application crash ?': Similarity = 0.9438585042953491, Score = 9.438585042953491
Matched FAQ: 'Why did my application crash ?' with score 9.438585042953491
Chatbot response: The application crashed due to environment issues ., Matched FAQ: Why did my application crash ?
Response data: {'response': 'The application crashed due to environment issues .'}
